2025-10-21 22:43:29,873 - INFO - Lancement de l'extraction OSM via Overpass pour 'huelgoat'...
2025-10-21 22:43:29,877 - DEBUG - Starting new HTTP connection (1): overpass-api.de:80
2025-10-21 22:43:30,454 - DEBUG - http://overpass-api.de:80 "POST /api/interpreter HTTP/1.1" 200 250
2025-10-21 22:43:30,457 - INFO - Données OSM sauvegardées : /home/n_bediee/iadev/randovango/data/in/osm_data_huelgoat.json
2025-10-21 22:43:56,039 - INFO - Lancement de l'extraction OSM via Overpass pour 'crozon'...
2025-10-21 22:43:56,044 - DEBUG - Starting new HTTP connection (1): overpass-api.de:80
2025-10-21 22:43:59,588 - DEBUG - http://overpass-api.de:80 "POST /api/interpreter HTTP/1.1" 200 252
2025-10-21 22:43:59,592 - INFO - Données OSM sauvegardées : /home/n_bediee/iadev/randovango/data/in/osm_data_crozon.json
2025-10-22 11:36:51,941 - INFO - Lancement de l'extraction OSM via Overpass pour 'plougonvelin'...
2025-10-22 11:36:51,944 - DEBUG - Starting new HTTP connection (1): overpass-api.de:80
2025-10-22 11:36:52,456 - DEBUG - http://overpass-api.de:80 "POST /api/interpreter HTTP/1.1" 200 251
2025-10-22 11:36:52,458 - INFO - Données OSM sauvegardées : /home/n_bediee/iadev/randovango/data/in/osm/osm_data_plougonvelin.json
2025-10-22 11:45:15,553 - INFO - Lancement de l'extraction OSM via Overpass pour 'plougonvelin'...
2025-10-22 11:45:15,556 - DEBUG - Starting new HTTP connection (1): overpass-api.de:80
2025-10-22 11:45:16,732 - DEBUG - http://overpass-api.de:80 "POST /api/interpreter HTTP/1.1" 200 252
2025-10-22 11:45:16,734 - DEBUG - Réponse brute de l'API Overpass : {
  "version": 0.6,
  "generator": "Overpass API 0.7.62.8 e802775f",
  "osm3s": {
    "timestamp_osm_base": "2025-10-22T09:43:29Z",
    "timestamp_areas_base": "2025-10-22T06:57:58Z",
    "copyright": "The data included in this document is from www.openstreetmap.org. The data is made available under ODbL."
  },
  "elements": [



  ]
}

2025-10-22 11:45:16,736 - INFO - Données OSM sauvegardées : /home/n_bediee/iadev/randovango/data/in/osm/osm_data_plougonvelin.json
2025-10-22 12:14:53,851 - INFO - Lancement de l'extraction OSM via Overpass pour 'plougonvelin'...
2025-10-22 12:14:53,854 - DEBUG - Starting new HTTP connection (1): overpass-api.de:80
2025-10-22 12:14:55,075 - DEBUG - http://overpass-api.de:80 "POST /api/interpreter HTTP/1.1" 200 252
2025-10-22 12:14:55,078 - DEBUG - Réponse brute de l'API Overpass : {
  "version": 0.6,
  "generator": "Overpass API 0.7.62.8 e802775f",
  "osm3s": {
    "timestamp_osm_base": "2025-10-22T10:13:16Z",
    "timestamp_areas_base": "2025-10-22T06:57:58Z",
    "copyright": "The data included in this document is from www.openstreetmap.org. The data is made available under ODbL."
  },
  "elements": [



  ]
}

2025-10-22 12:14:55,079 - INFO - Données OSM sauvegardées : /home/n_bediee/iadev/randovango/data/in/osm/osm_data_plougonvelin.json
2025-10-22 12:17:41,252 - INFO - Lancement de l'extraction OSM via Overpass pour 'plougonvelin'...
2025-10-22 12:17:41,254 - DEBUG - Starting new HTTP connection (1): overpass-api.de:80
2025-10-22 12:17:41,948 - DEBUG - http://overpass-api.de:80 "POST /api/interpreter HTTP/1.1" 200 252
2025-10-22 12:17:41,949 - DEBUG - Réponse brute de l'API Overpass : {
  "version": 0.6,
  "generator": "Overpass API 0.7.62.8 e802775f",
  "osm3s": {
    "timestamp_osm_base": "2025-10-22T10:16:23Z",
    "timestamp_areas_base": "2025-10-22T06:57:58Z",
    "copyright": "The data included in this document is from www.openstreetmap.org. The data is made available under ODbL."
  },
  "elements": [



  ]
}

2025-10-22 12:17:41,950 - INFO - Données OSM sauvegardées : /home/n_bediee/iadev/randovango/data/in/osm/osm_data_plougonvelin.json
2025-10-22 12:20:11,164 - INFO - Lancement de l'extraction OSM via Overpass pour 'plougonvelin'...
2025-10-22 12:20:11,164 - INFO - Tentative de connexion au serveur : https://overpass-api.de/api/interpreter
2025-10-22 12:20:11,167 - DEBUG - Starting new HTTPS connection (1): overpass-api.de:443
2025-10-22 12:20:11,353 - DEBUG - https://overpass-api.de:443 "POST /api/interpreter HTTP/1.1" 400 459
2025-10-22 12:20:11,355 - WARNING - Erreur de connexion au serveur https://overpass-api.de/api/interpreter : 400 Client Error: Bad Request for url: https://overpass-api.de/api/interpreter
2025-10-22 12:20:11,356 - INFO - Tentative de connexion au serveur : https://overpass.kumi.systems/api/interpreter
2025-10-22 12:20:11,359 - DEBUG - Starting new HTTPS connection (1): overpass.kumi.systems:443
2025-10-22 12:20:49,376 - DEBUG - https://overpass.kumi.systems:443 "POST /api/interpreter HTTP/1.1" 400 None
2025-10-22 12:20:49,380 - WARNING - Erreur de connexion au serveur https://overpass.kumi.systems/api/interpreter : 400 Client Error: Bad Request for url: https://overpass.kumi.systems/api/interpreter
2025-10-22 12:20:49,381 - INFO - Tentative de connexion au serveur : https://overpass.openstreetmap.ru/api/interpreter
2025-10-22 12:20:49,385 - DEBUG - Starting new HTTPS connection (1): overpass.openstreetmap.ru:443
2025-10-22 12:22:22,440 - WARNING - Timeout pour le serveur https://overpass.openstreetmap.ru/api/interpreter
2025-10-22 12:22:22,441 - ERROR - ÉCHEC DE L'EXTRACTION OSM : Tous les serveurs ont échoué. Dernière erreur : Timeout pour le serveur https://overpass.openstreetmap.ru/api/interpreter
2025-10-22 12:23:49,548 - INFO - Lancement de l'extraction OSM via Overpass pour 'plougonvelin'...
2025-10-22 12:23:49,548 - INFO - Recherche des coordonnées pour 'plougonvelin'...
2025-10-22 12:23:49,620 - DEBUG - Converted retries value: 2 -> Retry(total=2, connect=None, read=None, redirect=None, status=None)
2025-10-22 12:23:49,620 - DEBUG - Converted retries value: 2 -> Retry(total=2, connect=None, read=None, redirect=None, status=None)
2025-10-22 12:23:49,621 - DEBUG - Nominatim.geocode: https://nominatim.openstreetmap.org/search?q=plougonvelin%2C+France&format=json&limit=1
2025-10-22 12:23:49,622 - DEBUG - Starting new HTTPS connection (1): nominatim.openstreetmap.org:443
2025-10-22 12:23:49,882 - DEBUG - https://nominatim.openstreetmap.org:443 "GET /search?q=plougonvelin%2C+France&format=json&limit=1 HTTP/1.1" 200 486
2025-10-22 12:23:49,887 - INFO - Coordonnées trouvées : 48.3415116, -4.7192399
2025-10-22 12:23:49,890 - INFO - Bounding box : {'south': 48.25151159999999, 'north': 48.4315116, 'west': -4.8092399, 'east': -4.6292399}
2025-10-22 12:23:49,890 - INFO - Tentative de connexion au serveur : https://overpass-api.de/api/interpreter
2025-10-22 12:23:49,902 - DEBUG - Starting new HTTPS connection (1): overpass-api.de:443
2025-10-22 12:23:51,713 - DEBUG - https://overpass-api.de:443 "POST /api/interpreter HTTP/1.1" 200 30162
2025-10-22 12:23:51,750 - INFO - Nombre d'éléments trouvés : 469
2025-10-22 12:23:51,750 - INFO - ✅ Succès : 469 POI trouvés pour 'plougonvelin'
2025-10-22 12:23:51,776 - INFO - Données OSM sauvegardées : /home/n_bediee/iadev/randovango/data/in/osm/osm_data_plougonvelin.json
2025-10-22 12:28:33,273 - INFO - Lancement de l'extraction OSM via Overpass pour 'plougonvelin'...
2025-10-22 12:28:33,273 - INFO - Recherche des coordonnées pour 'plougonvelin'...
2025-10-22 12:28:33,320 - DEBUG - Converted retries value: 2 -> Retry(total=2, connect=None, read=None, redirect=None, status=None)
2025-10-22 12:28:33,320 - DEBUG - Converted retries value: 2 -> Retry(total=2, connect=None, read=None, redirect=None, status=None)
2025-10-22 12:28:33,321 - DEBUG - Nominatim.geocode: https://nominatim.openstreetmap.org/search?q=plougonvelin%2C+France&format=json&limit=1
2025-10-22 12:28:33,323 - DEBUG - Starting new HTTPS connection (1): nominatim.openstreetmap.org:443
2025-10-22 12:28:33,492 - DEBUG - https://nominatim.openstreetmap.org:443 "GET /search?q=plougonvelin%2C+France&format=json&limit=1 HTTP/1.1" 200 486
2025-10-22 12:28:33,495 - INFO - Coordonnées trouvées : 48.3415116, -4.7192399
2025-10-22 12:28:33,496 - INFO - Bounding box : {'south': 48.25151159999999, 'north': 48.4315116, 'west': -4.8092399, 'east': -4.6292399}
2025-10-22 12:28:33,497 - INFO - Tentative de connexion au serveur : https://overpass-api.de/api/interpreter
2025-10-22 12:28:33,504 - DEBUG - Starting new HTTPS connection (1): overpass-api.de:443
2025-10-22 12:28:35,234 - DEBUG - https://overpass-api.de:443 "POST /api/interpreter HTTP/1.1" 200 30846
2025-10-22 12:28:35,274 - INFO - Nombre d'éléments trouvés : 420
2025-10-22 12:28:35,275 - INFO - ✅ Succès : 420 POI trouvés pour 'plougonvelin'
2025-10-22 12:28:35,295 - INFO - Données OSM sauvegardées : /home/n_bediee/iadev/randovango/data/in/osm/osm_data_plougonvelin.json
2025-10-22 12:29:47,096 - INFO - Lancement de l'extraction OSM via Overpass pour 'plougonvelin'...
2025-10-22 12:29:47,096 - INFO - Recherche des coordonnées pour 'plougonvelin'...
2025-10-22 12:29:47,192 - DEBUG - Converted retries value: 2 -> Retry(total=2, connect=None, read=None, redirect=None, status=None)
2025-10-22 12:29:47,193 - DEBUG - Converted retries value: 2 -> Retry(total=2, connect=None, read=None, redirect=None, status=None)
2025-10-22 12:29:47,193 - DEBUG - Nominatim.geocode: https://nominatim.openstreetmap.org/search?q=plougonvelin%2C+France&format=json&limit=1
2025-10-22 12:29:47,195 - DEBUG - Starting new HTTPS connection (1): nominatim.openstreetmap.org:443
2025-10-22 12:29:47,458 - DEBUG - https://nominatim.openstreetmap.org:443 "GET /search?q=plougonvelin%2C+France&format=json&limit=1 HTTP/1.1" 200 486
2025-10-22 12:29:47,460 - INFO - Coordonnées trouvées : 48.3415116, -4.7192399
2025-10-22 12:29:47,461 - INFO - Bounding box : {'south': 48.25151159999999, 'north': 48.4315116, 'west': -4.8092399, 'east': -4.6292399}
2025-10-22 12:29:47,461 - INFO - Tentative de connexion au serveur : https://overpass-api.de/api/interpreter
2025-10-22 12:29:47,464 - DEBUG - Starting new HTTPS connection (1): overpass-api.de:443
2025-10-22 12:29:48,417 - DEBUG - https://overpass-api.de:443 "POST /api/interpreter HTTP/1.1" 200 30162
2025-10-22 12:29:48,455 - INFO - Nombre d'éléments trouvés : 469
2025-10-22 12:29:48,455 - INFO - ✅ Succès : 469 POI trouvés pour 'plougonvelin'
2025-10-22 12:29:48,479 - INFO - Données OSM sauvegardées : /home/n_bediee/iadev/randovango/data/in/osm/osm_data_plougonvelin.json
2025-10-22 12:30:27,152 - INFO - Lancement de l'extraction OSM via Overpass pour 'ploudiry'...
2025-10-22 12:30:27,152 - INFO - Recherche des coordonnées pour 'ploudiry'...
2025-10-22 12:30:27,202 - DEBUG - Converted retries value: 2 -> Retry(total=2, connect=None, read=None, redirect=None, status=None)
2025-10-22 12:30:27,202 - DEBUG - Converted retries value: 2 -> Retry(total=2, connect=None, read=None, redirect=None, status=None)
2025-10-22 12:30:27,203 - DEBUG - Nominatim.geocode: https://nominatim.openstreetmap.org/search?q=ploudiry%2C+France&format=json&limit=1
2025-10-22 12:30:27,204 - DEBUG - Starting new HTTPS connection (1): nominatim.openstreetmap.org:443
2025-10-22 12:30:27,346 - DEBUG - https://nominatim.openstreetmap.org:443 "GET /search?q=ploudiry%2C+France&format=json&limit=1 HTTP/1.1" 200 478
2025-10-22 12:30:27,350 - INFO - Coordonnées trouvées : 48.4532343, -4.1418753
2025-10-22 12:30:27,352 - INFO - Bounding box : {'south': 48.363234299999995, 'north': 48.5432343, 'west': -4.2318753, 'east': -4.0518753}
2025-10-22 12:30:27,353 - INFO - Tentative de connexion au serveur : https://overpass-api.de/api/interpreter
2025-10-22 12:30:27,369 - DEBUG - Starting new HTTPS connection (1): overpass-api.de:443
2025-10-22 12:30:32,324 - DEBUG - https://overpass-api.de:443 "POST /api/interpreter HTTP/1.1" 504 474
2025-10-22 12:30:32,326 - WARNING - Erreur de connexion au serveur https://overpass-api.de/api/interpreter : 504 Server Error: Gateway Timeout for url: https://overpass-api.de/api/interpreter
2025-10-22 12:30:32,327 - INFO - Tentative de connexion au serveur : https://overpass.kumi.systems/api/interpreter
2025-10-22 12:30:32,331 - DEBUG - Starting new HTTPS connection (1): overpass.kumi.systems:443
2025-10-22 12:31:20,300 - DEBUG - https://overpass.kumi.systems:443 "POST /api/interpreter HTTP/1.1" 200 None
2025-10-22 12:31:25,506 - INFO - Nombre d'éléments trouvés : 1023
2025-10-22 12:31:25,506 - INFO - ✅ Succès : 1023 POI trouvés pour 'ploudiry'
2025-10-22 12:31:25,551 - INFO - Données OSM sauvegardées : /home/n_bediee/iadev/randovango/data/in/osm/osm_data_ploudiry.json
2025-10-22 12:38:25,104 - INFO - Lancement de l'extraction OSM via Overpass pour 'ploudiry'...
2025-10-22 12:38:25,104 - INFO - Recherche des coordonnées pour 'ploudiry'...
2025-10-22 12:38:25,170 - DEBUG - Converted retries value: 2 -> Retry(total=2, connect=None, read=None, redirect=None, status=None)
2025-10-22 12:38:25,170 - DEBUG - Converted retries value: 2 -> Retry(total=2, connect=None, read=None, redirect=None, status=None)
2025-10-22 12:38:25,170 - DEBUG - Nominatim.geocode: https://nominatim.openstreetmap.org/search?q=ploudiry%2C+France&format=json&limit=1
2025-10-22 12:38:25,172 - DEBUG - Starting new HTTPS connection (1): nominatim.openstreetmap.org:443
2025-10-22 12:38:25,560 - DEBUG - https://nominatim.openstreetmap.org:443 "GET /search?q=ploudiry%2C+France&format=json&limit=1 HTTP/1.1" 200 478
2025-10-22 12:38:25,564 - INFO - Coordonnées trouvées : 48.4532343, -4.1418753
2025-10-22 12:38:25,566 - INFO - Bounding box : {'south': 48.4032343, 'north': 48.503234299999995, 'west': -4.1918752999999995, 'east': -4.0918753} (rayon ~5-6 km)
2025-10-22 12:38:25,567 - INFO - Tentative de connexion au serveur : https://overpass-api.de/api/interpreter
2025-10-22 12:38:25,578 - DEBUG - Starting new HTTPS connection (1): overpass-api.de:443
2025-10-22 12:38:27,175 - DEBUG - https://overpass-api.de:443 "POST /api/interpreter HTTP/1.1" 200 8478
2025-10-22 12:38:27,187 - INFO - Nombre d'éléments trouvés : 167
2025-10-22 12:38:27,188 - INFO - ✅ Succès : 167 POI trouvés pour 'ploudiry'
2025-10-22 12:38:27,219 - INFO - Données OSM sauvegardées : /home/n_bediee/iadev/randovango/data/in/osm/osm_data_ploudiry.json
2025-10-22 12:39:40,904 - INFO - Lancement de l'extraction OSM via Overpass pour 'plougonvelin'...
2025-10-22 12:39:40,905 - INFO - Recherche des coordonnées pour 'plougonvelin'...
2025-10-22 12:39:40,951 - DEBUG - Converted retries value: 2 -> Retry(total=2, connect=None, read=None, redirect=None, status=None)
2025-10-22 12:39:40,952 - DEBUG - Converted retries value: 2 -> Retry(total=2, connect=None, read=None, redirect=None, status=None)
2025-10-22 12:39:40,952 - DEBUG - Nominatim.geocode: https://nominatim.openstreetmap.org/search?q=plougonvelin%2C+France&format=json&limit=1
2025-10-22 12:39:40,953 - DEBUG - Starting new HTTPS connection (1): nominatim.openstreetmap.org:443
2025-10-22 12:39:41,117 - DEBUG - https://nominatim.openstreetmap.org:443 "GET /search?q=plougonvelin%2C+France&format=json&limit=1 HTTP/1.1" 200 486
2025-10-22 12:39:41,121 - INFO - Coordonnées trouvées : 48.3415116, -4.7192399
2025-10-22 12:39:41,123 - INFO - Bounding box : {'south': 48.2915116, 'north': 48.391511599999994, 'west': -4.7692399, 'east': -4.6692399} (rayon ~5-6 km)
2025-10-22 12:39:41,124 - INFO - Tentative de connexion au serveur : https://overpass-api.de/api/interpreter
2025-10-22 12:39:41,134 - DEBUG - Starting new HTTPS connection (1): overpass-api.de:443
2025-10-22 12:39:46,486 - DEBUG - https://overpass-api.de:443 "POST /api/interpreter HTTP/1.1" 200 12313
2025-10-22 12:39:46,500 - INFO - Nombre d'éléments trouvés : 188
2025-10-22 12:39:46,500 - INFO - ✅ Succès : 188 POI trouvés pour 'plougonvelin'
2025-10-22 12:39:46,517 - INFO - Données OSM sauvegardées : /home/n_bediee/iadev/randovango/data/in/osm/osm_data_plougonvelin.json
2025-10-22 12:41:11,265 - INFO - Lancement de l'extraction OSM via Overpass pour 'crozon'...
2025-10-22 12:41:11,265 - INFO - Recherche des coordonnées pour 'crozon'...
2025-10-22 12:41:11,317 - DEBUG - Converted retries value: 2 -> Retry(total=2, connect=None, read=None, redirect=None, status=None)
2025-10-22 12:41:11,317 - DEBUG - Converted retries value: 2 -> Retry(total=2, connect=None, read=None, redirect=None, status=None)
2025-10-22 12:41:11,317 - DEBUG - Nominatim.geocode: https://nominatim.openstreetmap.org/search?q=crozon%2C+France&format=json&limit=1
2025-10-22 12:41:11,318 - DEBUG - Starting new HTTPS connection (1): nominatim.openstreetmap.org:443
2025-10-22 12:41:11,496 - DEBUG - https://nominatim.openstreetmap.org:443 "GET /search?q=crozon%2C+France&format=json&limit=1 HTTP/1.1" 200 480
2025-10-22 12:41:11,498 - INFO - Coordonnées trouvées : 48.2463989, -4.4894463
2025-10-22 12:41:11,499 - INFO - Bounding box : {'south': 48.196398900000005, 'north': 48.2963989, 'west': -4.5394463, 'east': -4.4394463} (rayon ~5-6 km)
2025-10-22 12:41:11,500 - INFO - Tentative de connexion au serveur : https://overpass-api.de/api/interpreter
2025-10-22 12:41:11,502 - DEBUG - Starting new HTTPS connection (1): overpass-api.de:443
2025-10-22 12:41:12,750 - DEBUG - https://overpass-api.de:443 "POST /api/interpreter HTTP/1.1" 200 15884
2025-10-22 12:41:12,795 - INFO - Nombre d'éléments trouvés : 234
2025-10-22 12:41:12,795 - INFO - ✅ Succès : 234 POI trouvés pour 'crozon'
2025-10-22 12:41:12,817 - INFO - Données OSM sauvegardées : /home/n_bediee/iadev/randovango/data/in/osm/osm_data_crozon.json
2025-10-22 12:41:20,318 - INFO - Lancement de l'extraction OSM via Overpass pour 'carentec'...
2025-10-22 12:41:20,318 - INFO - Recherche des coordonnées pour 'carentec'...
2025-10-22 12:41:20,376 - DEBUG - Converted retries value: 2 -> Retry(total=2, connect=None, read=None, redirect=None, status=None)
2025-10-22 12:41:20,376 - DEBUG - Converted retries value: 2 -> Retry(total=2, connect=None, read=None, redirect=None, status=None)
2025-10-22 12:41:20,377 - DEBUG - Nominatim.geocode: https://nominatim.openstreetmap.org/search?q=carentec%2C+France&format=json&limit=1
2025-10-22 12:41:20,378 - DEBUG - Starting new HTTPS connection (1): nominatim.openstreetmap.org:443
2025-10-22 12:41:20,488 - DEBUG - https://nominatim.openstreetmap.org:443 "GET /search?q=carentec%2C+France&format=json&limit=1 HTTP/1.1" 200 2
2025-10-22 12:41:20,491 - ERROR - Impossible de trouver les coordonnées pour 'carentec'
2025-10-22 12:41:29,391 - INFO - Lancement de l'extraction OSM via Overpass pour 'carantec'...
2025-10-22 12:41:29,391 - INFO - Recherche des coordonnées pour 'carantec'...
2025-10-22 12:41:29,439 - DEBUG - Converted retries value: 2 -> Retry(total=2, connect=None, read=None, redirect=None, status=None)
2025-10-22 12:41:29,439 - DEBUG - Converted retries value: 2 -> Retry(total=2, connect=None, read=None, redirect=None, status=None)
2025-10-22 12:41:29,440 - DEBUG - Nominatim.geocode: https://nominatim.openstreetmap.org/search?q=carantec%2C+France&format=json&limit=1
2025-10-22 12:41:29,441 - DEBUG - Starting new HTTPS connection (1): nominatim.openstreetmap.org:443
2025-10-22 12:41:29,620 - DEBUG - https://nominatim.openstreetmap.org:443 "GET /search?q=carantec%2C+France&format=json&limit=1 HTTP/1.1" 200 480
2025-10-22 12:41:29,626 - INFO - Coordonnées trouvées : 48.6684418, -3.9142802
2025-10-22 12:41:29,629 - INFO - Bounding box : {'south': 48.6184418, 'north': 48.718441799999994, 'west': -3.9642801999999997, 'east': -3.8642802} (rayon ~5-6 km)
2025-10-22 12:41:29,640 - INFO - Tentative de connexion au serveur : https://overpass-api.de/api/interpreter
2025-10-22 12:41:29,648 - DEBUG - Starting new HTTPS connection (1): overpass-api.de:443
2025-10-22 12:41:30,629 - DEBUG - https://overpass-api.de:443 "POST /api/interpreter HTTP/1.1" 200 18944
2025-10-22 12:41:30,667 - INFO - Nombre d'éléments trouvés : 225
2025-10-22 12:41:30,667 - INFO - ✅ Succès : 225 POI trouvés pour 'carantec'
2025-10-22 12:41:30,677 - INFO - Données OSM sauvegardées : /home/n_bediee/iadev/randovango/data/in/osm/osm_data_carantec.json
2025-10-22 12:41:45,421 - INFO - Lancement de l'extraction OSM via Overpass pour 'benodet'...
2025-10-22 12:41:45,421 - INFO - Recherche des coordonnées pour 'benodet'...
2025-10-22 12:41:45,496 - DEBUG - Converted retries value: 2 -> Retry(total=2, connect=None, read=None, redirect=None, status=None)
2025-10-22 12:41:45,496 - DEBUG - Converted retries value: 2 -> Retry(total=2, connect=None, read=None, redirect=None, status=None)
2025-10-22 12:41:45,497 - DEBUG - Nominatim.geocode: https://nominatim.openstreetmap.org/search?q=benodet%2C+France&format=json&limit=1
2025-10-22 12:41:45,498 - DEBUG - Starting new HTTPS connection (1): nominatim.openstreetmap.org:443
2025-10-22 12:41:45,680 - DEBUG - https://nominatim.openstreetmap.org:443 "GET /search?q=benodet%2C+France&format=json&limit=1 HTTP/1.1" 200 480
2025-10-22 12:41:45,685 - INFO - Coordonnées trouvées : 47.8746373, -4.1109828
2025-10-22 12:41:45,686 - INFO - Bounding box : {'south': 47.824637300000006, 'north': 47.9246373, 'west': -4.1609828, 'east': -4.060982800000001} (rayon ~5-6 km)
2025-10-22 12:41:45,688 - INFO - Tentative de connexion au serveur : https://overpass-api.de/api/interpreter
2025-10-22 12:41:45,702 - DEBUG - Starting new HTTPS connection (1): overpass-api.de:443
2025-10-22 12:41:51,181 - DEBUG - https://overpass-api.de:443 "POST /api/interpreter HTTP/1.1" 504 474
2025-10-22 12:41:51,181 - WARNING - Erreur de connexion au serveur https://overpass-api.de/api/interpreter : 504 Server Error: Gateway Timeout for url: https://overpass-api.de/api/interpreter
2025-10-22 12:41:51,182 - INFO - Tentative de connexion au serveur : https://overpass.kumi.systems/api/interpreter
2025-10-22 12:41:51,183 - DEBUG - Starting new HTTPS connection (1): overpass.kumi.systems:443
2025-10-22 12:42:44,684 - DEBUG - https://overpass.kumi.systems:443 "POST /api/interpreter HTTP/1.1" 200 446
2025-10-22 12:42:44,688 - WARNING - Erreur de connexion au serveur https://overpass.kumi.systems/api/interpreter : Expecting value: line 1 column 1 (char 0)
2025-10-22 12:42:44,689 - INFO - Tentative de connexion au serveur : https://lz4.overpass-api.de/api/interpreter
2025-10-22 12:42:44,691 - DEBUG - Starting new HTTPS connection (1): lz4.overpass-api.de:443
2025-10-22 12:42:50,264 - DEBUG - https://lz4.overpass-api.de:443 "POST /api/interpreter HTTP/1.1" 504 474
2025-10-22 12:42:50,266 - WARNING - Erreur de connexion au serveur https://lz4.overpass-api.de/api/interpreter : 504 Server Error: Gateway Timeout for url: https://lz4.overpass-api.de/api/interpreter
2025-10-22 12:42:50,266 - ERROR - ÉCHEC DE L'EXTRACTION OSM : Tous les serveurs ont échoué. Dernière erreur : Erreur de connexion au serveur https://lz4.overpass-api.de/api/interpreter : 504 Server Error: Gateway Timeout for url: https://lz4.overpass-api.de/api/interpreter
2025-10-22 13:20:38,391 - INFO - Lancement de l'extraction OSM via Overpass pour 'plougonvelin'...
2025-10-22 13:20:38,391 - INFO - Recherche des coordonnées pour 'plougonvelin'...
2025-10-22 13:20:38,468 - DEBUG - Converted retries value: 2 -> Retry(total=2, connect=None, read=None, redirect=None, status=None)
2025-10-22 13:20:38,469 - DEBUG - Converted retries value: 2 -> Retry(total=2, connect=None, read=None, redirect=None, status=None)
2025-10-22 13:20:38,469 - DEBUG - Nominatim.geocode: https://nominatim.openstreetmap.org/search?q=plougonvelin%2C+France&format=json&limit=1
2025-10-22 13:20:38,471 - DEBUG - Starting new HTTPS connection (1): nominatim.openstreetmap.org:443
2025-10-22 13:20:38,801 - DEBUG - https://nominatim.openstreetmap.org:443 "GET /search?q=plougonvelin%2C+France&format=json&limit=1 HTTP/1.1" 200 486
2025-10-22 13:20:38,805 - INFO - Coordonnées trouvées : 48.3415116, -4.7192399
2025-10-22 13:20:38,806 - INFO - Bounding box : {'south': 48.2915116, 'north': 48.391511599999994, 'west': -4.7692399, 'east': -4.6692399} (rayon ~5-6 km)
2025-10-22 13:20:38,806 - INFO - Tentative de connexion au serveur : https://overpass-api.de/api/interpreter
2025-10-22 13:20:38,809 - DEBUG - Starting new HTTPS connection (1): overpass-api.de:443
2025-10-22 13:20:40,605 - DEBUG - https://overpass-api.de:443 "POST /api/interpreter HTTP/1.1" 200 14222
2025-10-22 13:20:40,639 - INFO - Nombre d'éléments trouvés : 221
2025-10-22 13:20:40,639 - INFO - ✅ Succès : 221 POI trouvés pour 'plougonvelin'
2025-10-22 13:20:40,652 - INFO - Données OSM sauvegardées : /home/n_bediee/iadev/randovango/data/in/osm/osm_data_plougonvelin.json
2025-10-22 14:15:53,725 - INFO - Lancement de l'extraction OSM via Overpass pour 'crozon'...
2025-10-22 14:15:53,725 - INFO - Recherche des coordonnées pour 'crozon'...
2025-10-22 14:15:53,785 - DEBUG - Converted retries value: 2 -> Retry(total=2, connect=None, read=None, redirect=None, status=None)
2025-10-22 14:15:53,785 - DEBUG - Converted retries value: 2 -> Retry(total=2, connect=None, read=None, redirect=None, status=None)
2025-10-22 14:15:53,786 - DEBUG - Nominatim.geocode: https://nominatim.openstreetmap.org/search?q=crozon%2C+France&format=json&limit=1
2025-10-22 14:15:53,787 - DEBUG - Starting new HTTPS connection (1): nominatim.openstreetmap.org:443
2025-10-22 14:15:54,204 - DEBUG - https://nominatim.openstreetmap.org:443 "GET /search?q=crozon%2C+France&format=json&limit=1 HTTP/1.1" 200 480
2025-10-22 14:15:54,209 - INFO - Coordonnées trouvées : 48.2463989, -4.4894463
2025-10-22 14:15:54,213 - INFO - Bounding box : {'south': 48.196398900000005, 'north': 48.2963989, 'west': -4.5394463, 'east': -4.4394463} (rayon ~5-6 km)
2025-10-22 14:15:54,214 - INFO - Tentative de connexion au serveur : https://overpass-api.de/api/interpreter
2025-10-22 14:15:54,227 - DEBUG - Starting new HTTPS connection (1): overpass-api.de:443
2025-10-22 14:15:56,246 - DEBUG - https://overpass-api.de:443 "POST /api/interpreter HTTP/1.1" 200 20865
2025-10-22 14:15:56,281 - INFO - Nombre d'éléments trouvés : 304
2025-10-22 14:15:56,281 - INFO - ✅ Succès : 304 POI trouvés pour 'crozon'
2025-10-22 14:15:56,315 - INFO - Données OSM sauvegardées : /home/n_bediee/iadev/randovango/data/in/osm/osm_data_crozon.json
2025-10-22 14:16:37,183 - INFO - Lancement de l'extraction OSM via Overpass pour 'benodet'...
2025-10-22 14:16:37,183 - INFO - Recherche des coordonnées pour 'benodet'...
2025-10-22 14:16:37,250 - DEBUG - Converted retries value: 2 -> Retry(total=2, connect=None, read=None, redirect=None, status=None)
2025-10-22 14:16:37,251 - DEBUG - Converted retries value: 2 -> Retry(total=2, connect=None, read=None, redirect=None, status=None)
2025-10-22 14:16:37,251 - DEBUG - Nominatim.geocode: https://nominatim.openstreetmap.org/search?q=benodet%2C+France&format=json&limit=1
2025-10-22 14:16:37,254 - DEBUG - Starting new HTTPS connection (1): nominatim.openstreetmap.org:443
2025-10-22 14:16:37,463 - DEBUG - https://nominatim.openstreetmap.org:443 "GET /search?q=benodet%2C+France&format=json&limit=1 HTTP/1.1" 200 480
2025-10-22 14:16:37,469 - INFO - Coordonnées trouvées : 47.8746373, -4.1109828
2025-10-22 14:16:37,470 - INFO - Bounding box : {'south': 47.824637300000006, 'north': 47.9246373, 'west': -4.1609828, 'east': -4.060982800000001} (rayon ~5-6 km)
2025-10-22 14:16:37,471 - INFO - Tentative de connexion au serveur : https://overpass-api.de/api/interpreter
2025-10-22 14:16:37,481 - DEBUG - Starting new HTTPS connection (1): overpass-api.de:443
2025-10-22 14:16:39,298 - DEBUG - https://overpass-api.de:443 "POST /api/interpreter HTTP/1.1" 200 21376
2025-10-22 14:16:39,337 - INFO - Nombre d'éléments trouvés : 271
2025-10-22 14:16:39,337 - INFO - ✅ Succès : 271 POI trouvés pour 'benodet'
2025-10-22 14:16:39,352 - INFO - Données OSM sauvegardées : /home/n_bediee/iadev/randovango/data/in/osm/osm_data_benodet.json
2025-10-22 14:16:52,367 - INFO - Lancement de l'extraction OSM via Overpass pour 'carantec'...
2025-10-22 14:16:52,367 - INFO - Recherche des coordonnées pour 'carantec'...
2025-10-22 14:16:52,896 - DEBUG - Converted retries value: 2 -> Retry(total=2, connect=None, read=None, redirect=None, status=None)
2025-10-22 14:16:52,896 - DEBUG - Converted retries value: 2 -> Retry(total=2, connect=None, read=None, redirect=None, status=None)
2025-10-22 14:16:52,897 - DEBUG - Nominatim.geocode: https://nominatim.openstreetmap.org/search?q=carantec%2C+France&format=json&limit=1
2025-10-22 14:16:52,898 - DEBUG - Starting new HTTPS connection (1): nominatim.openstreetmap.org:443
2025-10-22 14:16:53,084 - DEBUG - https://nominatim.openstreetmap.org:443 "GET /search?q=carantec%2C+France&format=json&limit=1 HTTP/1.1" 200 480
2025-10-22 14:16:53,088 - INFO - Coordonnées trouvées : 48.6684418, -3.9142802
2025-10-22 14:16:53,090 - INFO - Bounding box : {'south': 48.6184418, 'north': 48.718441799999994, 'west': -3.9642801999999997, 'east': -3.8642802} (rayon ~5-6 km)
2025-10-22 14:16:53,092 - INFO - Tentative de connexion au serveur : https://overpass-api.de/api/interpreter
2025-10-22 14:16:53,105 - DEBUG - Starting new HTTPS connection (1): overpass-api.de:443
2025-10-22 14:16:55,319 - DEBUG - https://overpass-api.de:443 "POST /api/interpreter HTTP/1.1" 200 23411
2025-10-22 14:16:55,353 - INFO - Nombre d'éléments trouvés : 264
2025-10-22 14:16:55,353 - INFO - ✅ Succès : 264 POI trouvés pour 'carantec'
2025-10-22 14:16:55,367 - INFO - Données OSM sauvegardées : /home/n_bediee/iadev/randovango/data/in/osm/osm_data_carantec.json
2025-10-22 14:17:32,216 - INFO - Lancement de l'extraction OSM via Overpass pour 'huelgoat'...
2025-10-22 14:17:32,217 - INFO - Recherche des coordonnées pour 'huelgoat'...
2025-10-22 14:17:32,280 - DEBUG - Converted retries value: 2 -> Retry(total=2, connect=None, read=None, redirect=None, status=None)
2025-10-22 14:17:32,280 - DEBUG - Converted retries value: 2 -> Retry(total=2, connect=None, read=None, redirect=None, status=None)
2025-10-22 14:17:32,281 - DEBUG - Nominatim.geocode: https://nominatim.openstreetmap.org/search?q=huelgoat%2C+France&format=json&limit=1
2025-10-22 14:17:32,282 - DEBUG - Starting new HTTPS connection (1): nominatim.openstreetmap.org:443
2025-10-22 14:17:32,434 - DEBUG - https://nominatim.openstreetmap.org:443 "GET /search?q=huelgoat%2C+France&format=json&limit=1 HTTP/1.1" 200 484
2025-10-22 14:17:32,436 - INFO - Coordonnées trouvées : 48.3640307, -3.7468034
2025-10-22 14:17:32,437 - INFO - Bounding box : {'south': 48.3140307, 'north': 48.4140307, 'west': -3.7968034, 'east': -3.6968034000000003} (rayon ~5-6 km)
2025-10-22 14:17:32,437 - INFO - Tentative de connexion au serveur : https://overpass-api.de/api/interpreter
2025-10-22 14:17:32,439 - DEBUG - Starting new HTTPS connection (1): overpass-api.de:443
2025-10-22 14:17:34,615 - DEBUG - https://overpass-api.de:443 "POST /api/interpreter HTTP/1.1" 200 9775
2025-10-22 14:17:34,626 - INFO - Nombre d'éléments trouvés : 147
2025-10-22 14:17:34,627 - INFO - ✅ Succès : 147 POI trouvés pour 'huelgoat'
2025-10-22 14:17:34,652 - INFO - Données OSM sauvegardées : /home/n_bediee/iadev/randovango/data/in/osm/osm_data_huelgoat.json
2025-10-22 21:00:14,645 - INFO - Lancement de l'extraction OSM via Overpass pour 'plougonvelin'...
2025-10-22 21:00:14,650 - INFO - Recherche des coordonnées pour 'plougonvelin'...
2025-10-22 21:00:14,738 - DEBUG - Converted retries value: 2 -> Retry(total=2, connect=None, read=None, redirect=None, status=None)
2025-10-22 21:00:14,739 - DEBUG - Converted retries value: 2 -> Retry(total=2, connect=None, read=None, redirect=None, status=None)
2025-10-22 21:00:14,740 - DEBUG - Nominatim.geocode: https://nominatim.openstreetmap.org/search?q=plougonvelin%2C+France&format=json&limit=1
2025-10-22 21:00:14,742 - DEBUG - Starting new HTTPS connection (1): nominatim.openstreetmap.org:443
2025-10-22 21:00:14,961 - DEBUG - https://nominatim.openstreetmap.org:443 "GET /search?q=plougonvelin%2C+France&format=json&limit=1 HTTP/1.1" 200 486
2025-10-22 21:00:14,968 - INFO - Coordonnées trouvées : 48.3415116, -4.7192399
2025-10-22 21:00:14,971 - INFO - Bounding box : {'south': 48.2915116, 'north': 48.391511599999994, 'west': -4.7692399, 'east': -4.6692399} (rayon ~5-6 km)
2025-10-22 21:00:14,972 - INFO - Tentative de connexion au serveur : https://overpass-api.de/api/interpreter
2025-10-22 21:00:14,980 - DEBUG - Starting new HTTPS connection (1): overpass-api.de:443
2025-10-22 21:00:17,103 - DEBUG - https://overpass-api.de:443 "POST /api/interpreter HTTP/1.1" 200 14453
2025-10-22 21:00:17,161 - INFO - Nombre d'éléments trouvés : 222
2025-10-22 21:00:17,162 - INFO - ✅ Succès : 222 POI trouvés pour 'plougonvelin'
2025-10-22 21:00:17,172 - INFO - Données OSM sauvegardées : /home/n_bediee/iadev/randovango/data/in/osm/osm_data_plougonvelin.json
2025-10-23 09:46:56,382 - INFO - Lancement de l'extraction OSM via Overpass pour 'crozon'...
2025-10-23 09:46:56,382 - INFO - Recherche des coordonnées pour 'crozon'...
2025-10-23 09:46:56,437 - DEBUG - Converted retries value: 2 -> Retry(total=2, connect=None, read=None, redirect=None, status=None)
2025-10-23 09:46:56,437 - DEBUG - Converted retries value: 2 -> Retry(total=2, connect=None, read=None, redirect=None, status=None)
2025-10-23 09:46:56,438 - DEBUG - Nominatim.geocode: https://nominatim.openstreetmap.org/search?q=crozon%2C+France&format=json&limit=1
2025-10-23 09:46:56,439 - DEBUG - Starting new HTTPS connection (1): nominatim.openstreetmap.org:443
2025-10-23 09:46:56,744 - DEBUG - https://nominatim.openstreetmap.org:443 "GET /search?q=crozon%2C+France&format=json&limit=1 HTTP/1.1" 200 480
2025-10-23 09:46:56,750 - INFO - Coordonnées trouvées : 48.2463989, -4.4894463
2025-10-23 09:46:56,753 - INFO - Bounding box : {'south': 48.196398900000005, 'north': 48.2963989, 'west': -4.5394463, 'east': -4.4394463} (rayon ~5-6 km)
2025-10-23 09:46:56,753 - INFO - Tentative de connexion au serveur : https://overpass-api.de/api/interpreter
2025-10-23 09:46:56,763 - DEBUG - Starting new HTTPS connection (1): overpass-api.de:443
2025-10-23 09:46:58,624 - DEBUG - https://overpass-api.de:443 "POST /api/interpreter HTTP/1.1" 200 21238
2025-10-23 09:46:58,670 - INFO - Nombre d'éléments trouvés : 306
2025-10-23 09:46:58,671 - INFO - ✅ Succès : 306 POI trouvés pour 'crozon'
2025-10-23 09:46:58,687 - INFO - Données OSM sauvegardées : /home/n_bediee/iadev/randovango/data/in/osm/osm_data_crozon.json
2025-10-23 09:47:50,963 - INFO - Lancement de l'extraction OSM via Overpass pour 'plougonvelin'...
2025-10-23 09:47:50,963 - INFO - Recherche des coordonnées pour 'plougonvelin'...
2025-10-23 09:47:51,019 - DEBUG - Converted retries value: 2 -> Retry(total=2, connect=None, read=None, redirect=None, status=None)
2025-10-23 09:47:51,019 - DEBUG - Converted retries value: 2 -> Retry(total=2, connect=None, read=None, redirect=None, status=None)
2025-10-23 09:47:51,020 - DEBUG - Nominatim.geocode: https://nominatim.openstreetmap.org/search?q=plougonvelin%2C+France&format=json&limit=1
2025-10-23 09:47:51,023 - DEBUG - Starting new HTTPS connection (1): nominatim.openstreetmap.org:443
2025-10-23 09:47:51,230 - DEBUG - https://nominatim.openstreetmap.org:443 "GET /search?q=plougonvelin%2C+France&format=json&limit=1 HTTP/1.1" 200 486
2025-10-23 09:47:51,233 - INFO - Coordonnées trouvées : 48.3415116, -4.7192399
2025-10-23 09:47:51,234 - INFO - Bounding box : {'south': 48.2915116, 'north': 48.391511599999994, 'west': -4.7692399, 'east': -4.6692399} (rayon ~5-6 km)
2025-10-23 09:47:51,235 - INFO - Tentative de connexion au serveur : https://overpass-api.de/api/interpreter
2025-10-23 09:47:51,237 - DEBUG - Starting new HTTPS connection (1): overpass-api.de:443
2025-10-23 09:47:52,974 - DEBUG - https://overpass-api.de:443 "POST /api/interpreter HTTP/1.1" 200 14454
2025-10-23 09:47:53,007 - INFO - Nombre d'éléments trouvés : 222
2025-10-23 09:47:53,007 - INFO - ✅ Succès : 222 POI trouvés pour 'plougonvelin'
2025-10-23 09:47:53,017 - INFO - Données OSM sauvegardées : /home/n_bediee/iadev/randovango/data/in/osm/osm_data_plougonvelin.json
