2025-10-22 15:05:57,728 - INFO - Recherche des coordonnées pour plougonvelin
2025-10-22 15:05:57,791 - DEBUG - Converted retries value: 2 -> Retry(total=2, connect=None, read=None, redirect=None, status=None)
2025-10-22 15:05:57,791 - DEBUG - Converted retries value: 2 -> Retry(total=2, connect=None, read=None, redirect=None, status=None)
2025-10-22 15:05:57,792 - DEBUG - Nominatim.geocode: https://nominatim.openstreetmap.org/search?q=plougonvelin%2C+France&format=json&limit=1
2025-10-22 15:05:57,794 - DEBUG - Starting new HTTPS connection (1): nominatim.openstreetmap.org:443
2025-10-22 15:05:58,082 - DEBUG - https://nominatim.openstreetmap.org:443 "GET /search?q=plougonvelin%2C+France&format=json&limit=1 HTTP/1.1" 200 486
2025-10-22 15:05:58,085 - INFO - Coordonnées trouvées: 48.3415116, -4.7192399
2025-10-22 15:05:58,085 - INFO - Appel de l'API météo...
2025-10-22 15:05:58,087 - DEBUG - Starting new HTTPS connection (1): api.open-meteo.com:443
2025-10-22 15:05:58,316 - DEBUG - https://api.open-meteo.com:443 "GET /v1/forecast?latitude=48.3415116&longitude=-4.7192399&timezone=Europe%2FParis&daily=weather_code&daily=temperature_2m_max&daily=temperature_2m_min&daily=precipitation_sum&daily=wind_speed_10m_max&daily=shortwave_radiation_sum&forecast_days=7 HTTP/1.1" 200 None
2025-10-22 15:05:58,319 - INFO - 7 jours de prévisions récupérés
2025-10-22 15:05:58,329 - INFO - Données sauvegardées dans: /home/n_bediee/iadev/randovango/data/in/meteo/weather_data_plougonvelin.json
2025-10-23 22:51:12,197 - INFO - [MAIN] Bloc main exécuté
2025-10-23 22:51:12,199 - INFO - [MAIN] Ville demandée: plougonvelin
2025-10-23 22:51:12,199 - INFO - Recherche des coordonnées pour plougonvelin
2025-10-23 22:51:12,263 - DEBUG - Converted retries value: 2 -> Retry(total=2, connect=None, read=None, redirect=None, status=None)
2025-10-23 22:51:12,265 - DEBUG - Converted retries value: 2 -> Retry(total=2, connect=None, read=None, redirect=None, status=None)
2025-10-23 22:51:12,265 - DEBUG - Nominatim.geocode: https://nominatim.openstreetmap.org/search?q=plougonvelin%2C+France&format=json&limit=1
2025-10-23 22:51:12,268 - DEBUG - Starting new HTTPS connection (1): nominatim.openstreetmap.org:443
2025-10-23 22:51:12,444 - DEBUG - https://nominatim.openstreetmap.org:443 "GET /search?q=plougonvelin%2C+France&format=json&limit=1 HTTP/1.1" 200 486
2025-10-23 22:51:12,447 - INFO - Coordonnées trouvées: 48.3415116, -4.7192399
2025-10-23 22:51:12,448 - INFO - Appel de l'API météo...
2025-10-23 22:51:12,451 - DEBUG - Starting new HTTPS connection (1): api.open-meteo.com:443
2025-10-23 22:51:12,684 - DEBUG - https://api.open-meteo.com:443 "GET /v1/forecast?latitude=48.3415116&longitude=-4.7192399&timezone=Europe%2FParis&daily=weather_code&daily=temperature_2m_max&daily=temperature_2m_min&daily=precipitation_sum&daily=wind_speed_10m_max&daily=shortwave_radiation_sum&forecast_days=7 HTTP/1.1" 200 None
2025-10-23 22:51:12,685 - INFO - 7 jours de prévisions récupérés
2025-10-24 00:19:45,515 - DEBUG - {"message": "Server heartbeat failed", "topologyId": {"$oid": "68faaa00cd520b0edad126f7"}, "serverHost": "localhost", "serverPort": 27017, "awaited": true, "durationMS": 501.9724800004042, "failure": "\"_OperationCancelled('operation cancelled')\"", "driverConnectionId": 1}
2025-10-24 00:20:25,773 - DEBUG - {"message": "Server heartbeat failed", "topologyId": {"$oid": "68faaa297de25349ce448ce1"}, "serverHost": "localhost", "serverPort": 27017, "awaited": true, "durationMS": 501.3199499990151, "failure": "\"_OperationCancelled('operation cancelled')\"", "driverConnectionId": 1}
2025-10-24 00:21:22,581 - DEBUG - {"message": "Server heartbeat failed", "topologyId": {"$oid": "68faaa6217530153f2fb0636"}, "serverHost": "localhost", "serverPort": 27017, "awaited": true, "durationMS": 502.0584109988704, "failure": "\"_OperationCancelled('operation cancelled')\"", "driverConnectionId": 1}
2025-10-24 00:23:21,727 - INFO - [ETL] Import GPX: data/in/gpx/FFRandonnée-Du _Minou_au_Mengant.gpx
2025-10-24 00:23:22,148 - DEBUG - {"message": "Server heartbeat failed", "topologyId": {"$oid": "68faaad992a2190ef9d09a30"}, "serverHost": "localhost", "serverPort": 27017, "awaited": true, "durationMS": 503.4142550030083, "failure": "\"_OperationCancelled('operation cancelled')\"", "driverConnectionId": 1}
2025-10-24 00:24:41,941 - INFO - [ETL] Import GPX: data/in/gpx/FFRandonnée-Du _Minou_au_Mengant.gpx
2025-10-24 00:24:42,340 - DEBUG - {"message": "Server heartbeat failed", "topologyId": {"$oid": "68faab2966ef76e3a58380c3"}, "serverHost": "localhost", "serverPort": 27017, "awaited": true, "durationMS": 503.8286229973892, "failure": "\"_OperationCancelled('operation cancelled')\"", "driverConnectionId": 1}
2025-10-24 00:24:55,992 - INFO - [ETL] Import GPX: data/in/gpx/FFRandonnée-Du _Minou_au_Mengant.gpx
2025-10-24 00:24:56,405 - DEBUG - {"message": "Server heartbeat failed", "topologyId": {"$oid": "68faab37ede3468eb9f603a6"}, "serverHost": "localhost", "serverPort": 27017, "awaited": true, "durationMS": 501.91160799658974, "failure": "\"_OperationCancelled('operation cancelled')\"", "driverConnectionId": 1}
2025-10-24 00:28:02,814 - INFO - [ETL] Import GPX: data/in/gpx/FFRandonnée-Du _Minou_au_Mengant.gpx
2025-10-24 00:28:03,238 - DEBUG - {"message": "Server heartbeat failed", "topologyId": {"$oid": "68faabf2b2f56818a78d1038"}, "serverHost": "localhost", "serverPort": 27017, "awaited": true, "durationMS": 502.2771020012442, "failure": "\"_OperationCancelled('operation cancelled')\"", "driverConnectionId": 1}
2025-10-24 00:28:42,093 - INFO - [ETL] Import GPX: data/in/gpx/FFRandonnée-Du _Minou_au_Mengant.gpx
2025-10-24 00:28:42,143 - DEBUG - {"message": "Server selection started", "selector": "<function writable_server_selector at 0x79a537625bc0>", "operation": "insert", "topologyDescription": "<TopologyDescription id: 68faac1a6ad6f4816f3b20e5, topology_type: Single, servers: [<ServerDescription ('localhost', 27017) server_type: Standalone, rtt: 0.002318559996638214>]>", "clientId": {"$oid": "68faac1a6ad6f4816f3b20e5"}}
2025-10-24 00:28:42,144 - DEBUG - {"message": "Server selection succeeded", "selector": "<function writable_server_selector at 0x79a537625bc0>", "operation": "insert", "topologyDescription": "<TopologyDescription id: 68faac1a6ad6f4816f3b20e5, topology_type: Single, servers: [<ServerDescription ('localhost', 27017) server_type: Standalone, rtt: 0.002318559996638214>]>", "clientId": {"$oid": "68faac1a6ad6f4816f3b20e5"}, "serverHost": "localhost", "serverPort": 27017}
2025-10-24 00:28:42,144 - DEBUG - {"message": "Connection checkout started", "clientId": {"$oid": "68faac1a6ad6f4816f3b20e5"}, "serverHost": "localhost", "serverPort": 27017}
2025-10-24 00:28:42,145 - DEBUG - {"message": "Connection created", "clientId": {"$oid": "68faac1a6ad6f4816f3b20e5"}, "serverHost": "localhost", "serverPort": 27017, "driverConnectionId": 1}
2025-10-24 00:28:42,147 - DEBUG - {"message": "Connection ready", "clientId": {"$oid": "68faac1a6ad6f4816f3b20e5"}, "serverHost": "localhost", "serverPort": 27017, "driverConnectionId": 1, "durationMS": 0.0017186709992529359}
2025-10-24 00:28:42,148 - DEBUG - {"message": "Connection checked out", "clientId": {"$oid": "68faac1a6ad6f4816f3b20e5"}, "serverHost": "localhost", "serverPort": 27017, "driverConnectionId": 1, "durationMS": 0.0033609429992793594}
2025-10-24 00:28:42,149 - DEBUG - {"message": "Command started", "clientId": {"$oid": "68faac1a6ad6f4816f3b20e5"}, "command": "{\"insert\": \"gpx_traces\", \"ordered\": true, \"lsid\": {\"id\": {\"$binary\": {\"base64\": \"YMThGVfQTnKjs7CNiDhuOA==\", \"subType\": \"04\"}}}, \"$db\": \"randovango\", \"documents\": [{\"distance_km\": 5.745356246422612, \"denivele_m\": 186.07500000000005, \"points\": [{\"lat\": 48.340832136248, \"lon\": -4.6152059457629, \"ele\": 17.33}, {\"lat\": 48.340826503227, \"lon\": -4.6152091958499, \"ele\": 17.03}, {\"lat\": 48.340595259301, \"lon\": -4.6152908854285, \"ele\": 14.78}, {\"lat\": 48.340115724055, \"lon\": -4.6154381383819, \"ele\": 9.08}, {\"lat\": 48.340105611758, \"lon\": -4.6153912092526, \"ele\": 9.14}, {\"lat\": 48.340071916496, \"lon\": -4.6152339306767, \"ele\": 9.44}, {\"lat\": 48.340065040497, \"lon\": -4.6152003934724, \"ele\": 9.66}, {\"lat\": 48.340067003872, \"lon\": -4.615155936634, \"ele\": 10.22}, {\"lat\": 48.34010727216, \"lon\": -4.6151061915474, \"ele\": 10.58}, {\"lat\": 48.340212883249, \"lon\": -4.6150103395552, \"ele\": 11.98}, {\"lat\": 48.340318494254, \"lon\": -4.6149144871785, \"ele\": 14.05}, {\"lat\": 48.340418702816, \"lon\": -4.614804292346,...", "commandName": "insert", "databaseName": "randovango", "requestId": 1957747793, "operationId": 1957747793, "driverConnectionId": 1, "serverConnectionId": 17, "serverHost": "localhost", "serverPort": 27017}
2025-10-24 00:28:42,276 - DEBUG - {"message": "Command succeeded", "clientId": {"$oid": "68faac1a6ad6f4816f3b20e5"}, "durationMS": 127.97500000000001, "reply": "{\"n\": 1, \"ok\": 1.0}", "commandName": "insert", "databaseName": "randovango", "requestId": 1957747793, "operationId": 1957747793, "driverConnectionId": 1, "serverConnectionId": 17, "serverHost": "localhost", "serverPort": 27017}
2025-10-24 00:28:42,277 - DEBUG - {"message": "Connection checked in", "clientId": {"$oid": "68faac1a6ad6f4816f3b20e5"}, "serverHost": "localhost", "serverPort": 27017, "driverConnectionId": 1}
2025-10-24 00:28:42,508 - DEBUG - {"message": "Server heartbeat failed", "topologyId": {"$oid": "68faac1a6ad6f4816f3b20e5"}, "serverHost": "localhost", "serverPort": 27017, "awaited": true, "durationMS": 501.5370860019175, "failure": "\"_OperationCancelled('operation cancelled')\"", "driverConnectionId": 1}
2025-10-24 00:31:41,059 - INFO - [ETL] Import GPX: data/in/gpx/FFRandonnée-Du _Minou_au_Mengant.gpx
2025-10-24 00:31:41,116 - DEBUG - {"message": "Server selection started", "selector": "<function writable_server_selector at 0x7b0a40719bc0>", "operation": "insert", "topologyDescription": "<TopologyDescription id: 68faacccb2842e35626e8ff3, topology_type: Single, servers: [<ServerDescription ('localhost', 27017) server_type: Standalone, rtt: 0.0017473160005465616>]>", "clientId": {"$oid": "68faacccb2842e35626e8ff3"}}
2025-10-24 00:31:41,117 - DEBUG - {"message": "Server selection succeeded", "selector": "<function writable_server_selector at 0x7b0a40719bc0>", "operation": "insert", "topologyDescription": "<TopologyDescription id: 68faacccb2842e35626e8ff3, topology_type: Single, servers: [<ServerDescription ('localhost', 27017) server_type: Standalone, rtt: 0.0017473160005465616>]>", "clientId": {"$oid": "68faacccb2842e35626e8ff3"}, "serverHost": "localhost", "serverPort": 27017}
2025-10-24 00:31:41,117 - DEBUG - {"message": "Connection checkout started", "clientId": {"$oid": "68faacccb2842e35626e8ff3"}, "serverHost": "localhost", "serverPort": 27017}
2025-10-24 00:31:41,118 - DEBUG - {"message": "Connection created", "clientId": {"$oid": "68faacccb2842e35626e8ff3"}, "serverHost": "localhost", "serverPort": 27017, "driverConnectionId": 1}
2025-10-24 00:31:41,120 - DEBUG - {"message": "Connection ready", "clientId": {"$oid": "68faacccb2842e35626e8ff3"}, "serverHost": "localhost", "serverPort": 27017, "driverConnectionId": 1, "durationMS": 0.001710814998659771}
2025-10-24 00:31:41,121 - DEBUG - {"message": "Connection checked out", "clientId": {"$oid": "68faacccb2842e35626e8ff3"}, "serverHost": "localhost", "serverPort": 27017, "driverConnectionId": 1, "durationMS": 0.003223030002118321}
2025-10-24 00:31:41,122 - DEBUG - {"message": "Command started", "clientId": {"$oid": "68faacccb2842e35626e8ff3"}, "command": "{\"insert\": \"gpx_traces\", \"ordered\": true, \"lsid\": {\"id\": {\"$binary\": {\"base64\": \"NSEob+fQQvS1yvlY9/Zf6g==\", \"subType\": \"04\"}}}, \"$db\": \"randovango\", \"documents\": [{\"distance_km\": 5.745356246422612, \"denivele_m\": 186.07500000000005, \"points\": [{\"lat\": 48.340832136248, \"lon\": -4.6152059457629, \"ele\": 17.33}, {\"lat\": 48.340826503227, \"lon\": -4.6152091958499, \"ele\": 17.03}, {\"lat\": 48.340595259301, \"lon\": -4.6152908854285, \"ele\": 14.78}, {\"lat\": 48.340115724055, \"lon\": -4.6154381383819, \"ele\": 9.08}, {\"lat\": 48.340105611758, \"lon\": -4.6153912092526, \"ele\": 9.14}, {\"lat\": 48.340071916496, \"lon\": -4.6152339306767, \"ele\": 9.44}, {\"lat\": 48.340065040497, \"lon\": -4.6152003934724, \"ele\": 9.66}, {\"lat\": 48.340067003872, \"lon\": -4.615155936634, \"ele\": 10.22}, {\"lat\": 48.34010727216, \"lon\": -4.6151061915474, \"ele\": 10.58}, {\"lat\": 48.340212883249, \"lon\": -4.6150103395552, \"ele\": 11.98}, {\"lat\": 48.340318494254, \"lon\": -4.6149144871785, \"ele\": 14.05}, {\"lat\": 48.340418702816, \"lon\": -4.614804292346,...", "commandName": "insert", "databaseName": "randovango", "requestId": 1957747793, "operationId": 1957747793, "driverConnectionId": 1, "serverConnectionId": 20, "serverHost": "localhost", "serverPort": 27017}
2025-10-24 00:31:41,133 - DEBUG - {"message": "Command succeeded", "clientId": {"$oid": "68faacccb2842e35626e8ff3"}, "durationMS": 11.723, "reply": "{\"n\": 1, \"ok\": 1.0}", "commandName": "insert", "databaseName": "randovango", "requestId": 1957747793, "operationId": 1957747793, "driverConnectionId": 1, "serverConnectionId": 20, "serverHost": "localhost", "serverPort": 27017}
2025-10-24 00:31:41,133 - DEBUG - {"message": "Connection checked in", "clientId": {"$oid": "68faacccb2842e35626e8ff3"}, "serverHost": "localhost", "serverPort": 27017, "driverConnectionId": 1}
2025-10-24 00:31:41,459 - DEBUG - {"message": "Server heartbeat failed", "topologyId": {"$oid": "68faacccb2842e35626e8ff3"}, "serverHost": "localhost", "serverPort": 27017, "awaited": true, "durationMS": 502.4047929982771, "failure": "\"_OperationCancelled('operation cancelled')\"", "driverConnectionId": 1}
2025-10-24 00:32:33,403 - INFO - [ETL] Import GPX: data/in/gpx/FFRandonnée-Du _Minou_au_Mengant.gpx
2025-10-24 00:32:33,443 - DEBUG - {"message": "Server selection started", "selector": "<function writable_server_selector at 0x722231425bc0>", "operation": "insert", "topologyDescription": "<TopologyDescription id: 68faad013da909c10a1adf61, topology_type: Single, servers: [<ServerDescription ('localhost', 27017) server_type: Standalone, rtt: 0.001983288002520567>]>", "clientId": {"$oid": "68faad013da909c10a1adf61"}}
2025-10-24 00:32:33,444 - DEBUG - {"message": "Server selection succeeded", "selector": "<function writable_server_selector at 0x722231425bc0>", "operation": "insert", "topologyDescription": "<TopologyDescription id: 68faad013da909c10a1adf61, topology_type: Single, servers: [<ServerDescription ('localhost', 27017) server_type: Standalone, rtt: 0.001983288002520567>]>", "clientId": {"$oid": "68faad013da909c10a1adf61"}, "serverHost": "localhost", "serverPort": 27017}
2025-10-24 00:32:33,444 - DEBUG - {"message": "Connection checkout started", "clientId": {"$oid": "68faad013da909c10a1adf61"}, "serverHost": "localhost", "serverPort": 27017}
2025-10-24 00:32:33,445 - DEBUG - {"message": "Connection created", "clientId": {"$oid": "68faad013da909c10a1adf61"}, "serverHost": "localhost", "serverPort": 27017, "driverConnectionId": 1}
2025-10-24 00:32:33,447 - DEBUG - {"message": "Connection ready", "clientId": {"$oid": "68faad013da909c10a1adf61"}, "serverHost": "localhost", "serverPort": 27017, "driverConnectionId": 1, "durationMS": 0.0017796889987948816}
2025-10-24 00:32:33,448 - DEBUG - {"message": "Connection checked out", "clientId": {"$oid": "68faad013da909c10a1adf61"}, "serverHost": "localhost", "serverPort": 27017, "driverConnectionId": 1, "durationMS": 0.003191081999830203}
2025-10-24 00:32:33,449 - DEBUG - {"message": "Command started", "clientId": {"$oid": "68faad013da909c10a1adf61"}, "command": "{\"insert\": \"gpx_traces\", \"ordered\": true, \"lsid\": {\"id\": {\"$binary\": {\"base64\": \"DoidTlCLT2qcXcRqpIHFkg==\", \"subType\": \"04\"}}}, \"$db\": \"randovango\", \"documents\": [{\"name\": \"FFRandonne\u0301e-Du\u00a0_Minou_au_Mengant\", \"distance_km\": 5.745356246422612, \"denivele_m\": 186.07500000000005, \"points\": [{\"lat\": 48.340832136248, \"lon\": -4.6152059457629, \"ele\": 17.33}, {\"lat\": 48.340826503227, \"lon\": -4.6152091958499, \"ele\": 17.03}, {\"lat\": 48.340595259301, \"lon\": -4.6152908854285, \"ele\": 14.78}, {\"lat\": 48.340115724055, \"lon\": -4.6154381383819, \"ele\": 9.08}, {\"lat\": 48.340105611758, \"lon\": -4.6153912092526, \"ele\": 9.14}, {\"lat\": 48.340071916496, \"lon\": -4.6152339306767, \"ele\": 9.44}, {\"lat\": 48.340065040497, \"lon\": -4.6152003934724, \"ele\": 9.66}, {\"lat\": 48.340067003872, \"lon\": -4.615155936634, \"ele\": 10.22}, {\"lat\": 48.34010727216, \"lon\": -4.6151061915474, \"ele\": 10.58}, {\"lat\": 48.340212883249, \"lon\": -4.6150103395552, \"ele\": 11.98}, {\"lat\": 48.340318494254, \"lon\": -4.6149144871785, \"ele\": 1...", "commandName": "insert", "databaseName": "randovango", "requestId": 1957747793, "operationId": 1957747793, "driverConnectionId": 1, "serverConnectionId": 23, "serverHost": "localhost", "serverPort": 27017}
2025-10-24 00:32:33,459 - DEBUG - {"message": "Command succeeded", "clientId": {"$oid": "68faad013da909c10a1adf61"}, "durationMS": 11.264, "reply": "{\"n\": 1, \"ok\": 1.0}", "commandName": "insert", "databaseName": "randovango", "requestId": 1957747793, "operationId": 1957747793, "driverConnectionId": 1, "serverConnectionId": 23, "serverHost": "localhost", "serverPort": 27017}
2025-10-24 00:32:33,460 - DEBUG - {"message": "Connection checked in", "clientId": {"$oid": "68faad013da909c10a1adf61"}, "serverHost": "localhost", "serverPort": 27017, "driverConnectionId": 1}
2025-10-24 00:32:33,478 - DEBUG - {"message": "Server selection started", "selector": "<function writable_server_selector at 0x722231425bc0>", "operation": "update", "topologyDescription": "<TopologyDescription id: 68faad013da909c10a1adf61, topology_type: Single, servers: [<ServerDescription ('localhost', 27017) server_type: Standalone, rtt: 0.001983288002520567>]>", "clientId": {"$oid": "68faad013da909c10a1adf61"}}
2025-10-24 00:32:33,478 - DEBUG - {"message": "Server selection succeeded", "selector": "<function writable_server_selector at 0x722231425bc0>", "operation": "update", "topologyDescription": "<TopologyDescription id: 68faad013da909c10a1adf61, topology_type: Single, servers: [<ServerDescription ('localhost', 27017) server_type: Standalone, rtt: 0.001983288002520567>]>", "clientId": {"$oid": "68faad013da909c10a1adf61"}, "serverHost": "localhost", "serverPort": 27017}
2025-10-24 00:32:33,479 - DEBUG - {"message": "Connection checkout started", "clientId": {"$oid": "68faad013da909c10a1adf61"}, "serverHost": "localhost", "serverPort": 27017}
2025-10-24 00:32:33,479 - DEBUG - {"message": "Connection checked out", "clientId": {"$oid": "68faad013da909c10a1adf61"}, "serverHost": "localhost", "serverPort": 27017, "driverConnectionId": 1, "durationMS": 0.0003223979983886238}
2025-10-24 00:32:33,480 - DEBUG - {"message": "Command started", "clientId": {"$oid": "68faad013da909c10a1adf61"}, "command": "{\"update\": \"gpx_traces\", \"ordered\": true, \"lsid\": {\"id\": {\"$binary\": {\"base64\": \"DoidTlCLT2qcXcRqpIHFkg==\", \"subType\": \"04\"}}}, \"$db\": \"randovango\", \"updates\": [{\"q\": {\"_id\": {\"$oid\": \"68faad013da909c10a1adf62\"}}, \"u\": {\"$set\": {\"gpxtrace_id\": 1}}}]}", "commandName": "update", "databaseName": "randovango", "requestId": 424238335, "operationId": 424238335, "driverConnectionId": 1, "serverConnectionId": 23, "serverHost": "localhost", "serverPort": 27017}
2025-10-24 00:32:33,483 - DEBUG - {"message": "Command succeeded", "clientId": {"$oid": "68faad013da909c10a1adf61"}, "durationMS": 3.575, "reply": "{\"n\": 1, \"nModified\": 1, \"ok\": 1.0}", "commandName": "update", "databaseName": "randovango", "requestId": 424238335, "operationId": 424238335, "driverConnectionId": 1, "serverConnectionId": 23, "serverHost": "localhost", "serverPort": 27017}
2025-10-24 00:32:33,484 - DEBUG - {"message": "Connection checked in", "clientId": {"$oid": "68faad013da909c10a1adf61"}, "serverHost": "localhost", "serverPort": 27017, "driverConnectionId": 1}
2025-10-24 00:32:33,820 - DEBUG - {"message": "Server heartbeat failed", "topologyId": {"$oid": "68faad013da909c10a1adf61"}, "serverHost": "localhost", "serverPort": 27017, "awaited": true, "durationMS": 501.70204100140836, "failure": "\"_OperationCancelled('operation cancelled')\"", "driverConnectionId": 1}
2025-10-24 00:36:18,812 - INFO - [ETL] Import GPX: data/in/gpx/FFRandonnée-Du _Minou_au_Mengant.gpx
2025-10-24 00:36:18,867 - DEBUG - {"message": "Server selection started", "selector": "<function writable_server_selector at 0x7a1383c19bc0>", "operation": "insert", "topologyDescription": "<TopologyDescription id: 68faade284e2434ed5dedafd, topology_type: Single, servers: [<ServerDescription ('localhost', 27017) server_type: Standalone, rtt: 0.0024023929981922265>]>", "clientId": {"$oid": "68faade284e2434ed5dedafd"}}
2025-10-24 00:36:18,868 - DEBUG - {"message": "Server selection succeeded", "selector": "<function writable_server_selector at 0x7a1383c19bc0>", "operation": "insert", "topologyDescription": "<TopologyDescription id: 68faade284e2434ed5dedafd, topology_type: Single, servers: [<ServerDescription ('localhost', 27017) server_type: Standalone, rtt: 0.0024023929981922265>]>", "clientId": {"$oid": "68faade284e2434ed5dedafd"}, "serverHost": "localhost", "serverPort": 27017}
2025-10-24 00:36:18,868 - DEBUG - {"message": "Connection checkout started", "clientId": {"$oid": "68faade284e2434ed5dedafd"}, "serverHost": "localhost", "serverPort": 27017}
2025-10-24 00:36:18,869 - DEBUG - {"message": "Connection created", "clientId": {"$oid": "68faade284e2434ed5dedafd"}, "serverHost": "localhost", "serverPort": 27017, "driverConnectionId": 1}
2025-10-24 00:36:18,871 - DEBUG - {"message": "Connection ready", "clientId": {"$oid": "68faade284e2434ed5dedafd"}, "serverHost": "localhost", "serverPort": 27017, "driverConnectionId": 1, "durationMS": 0.0016132959972310346}
2025-10-24 00:36:18,871 - DEBUG - {"message": "Connection checked out", "clientId": {"$oid": "68faade284e2434ed5dedafd"}, "serverHost": "localhost", "serverPort": 27017, "driverConnectionId": 1, "durationMS": 0.0031223900004988536}
2025-10-24 00:36:18,872 - DEBUG - {"message": "Command started", "clientId": {"$oid": "68faade284e2434ed5dedafd"}, "command": "{\"insert\": \"gpx_traces\", \"ordered\": true, \"lsid\": {\"id\": {\"$binary\": {\"base64\": \"PB1uV7YBRPywj8AUaQ5btw==\", \"subType\": \"04\"}}}, \"$db\": \"randovango\", \"documents\": [{\"name\": \"FFRandonne\u0301e-Du\u00a0_Minou_au_Mengant\", \"distance_km\": 5.745356246422612, \"denivele_m\": 186.07500000000005, \"points\": [{\"lat\": 48.340832136248, \"lon\": -4.6152059457629, \"ele\": 17.33}, {\"lat\": 48.340826503227, \"lon\": -4.6152091958499, \"ele\": 17.03}, {\"lat\": 48.340595259301, \"lon\": -4.6152908854285, \"ele\": 14.78}, {\"lat\": 48.340115724055, \"lon\": -4.6154381383819, \"ele\": 9.08}, {\"lat\": 48.340105611758, \"lon\": -4.6153912092526, \"ele\": 9.14}, {\"lat\": 48.340071916496, \"lon\": -4.6152339306767, \"ele\": 9.44}, {\"lat\": 48.340065040497, \"lon\": -4.6152003934724, \"ele\": 9.66}, {\"lat\": 48.340067003872, \"lon\": -4.615155936634, \"ele\": 10.22}, {\"lat\": 48.34010727216, \"lon\": -4.6151061915474, \"ele\": 10.58}, {\"lat\": 48.340212883249, \"lon\": -4.6150103395552, \"ele\": 11.98}, {\"lat\": 48.340318494254, \"lon\": -4.6149144871785, \"ele\": 1...", "commandName": "insert", "databaseName": "randovango", "requestId": 1957747793, "operationId": 1957747793, "driverConnectionId": 1, "serverConnectionId": 26, "serverHost": "localhost", "serverPort": 27017}
2025-10-24 00:36:18,882 - DEBUG - {"message": "Command succeeded", "clientId": {"$oid": "68faade284e2434ed5dedafd"}, "durationMS": 10.366999999999999, "reply": "{\"n\": 1, \"ok\": 1.0}", "commandName": "insert", "databaseName": "randovango", "requestId": 1957747793, "operationId": 1957747793, "driverConnectionId": 1, "serverConnectionId": 26, "serverHost": "localhost", "serverPort": 27017}
2025-10-24 00:36:18,883 - DEBUG - {"message": "Connection checked in", "clientId": {"$oid": "68faade284e2434ed5dedafd"}, "serverHost": "localhost", "serverPort": 27017, "driverConnectionId": 1}
2025-10-24 00:36:18,894 - DEBUG - {"message": "Server selection started", "selector": "<function writable_server_selector at 0x7a1383c19bc0>", "operation": "update", "topologyDescription": "<TopologyDescription id: 68faade284e2434ed5dedafd, topology_type: Single, servers: [<ServerDescription ('localhost', 27017) server_type: Standalone, rtt: 0.0024023929981922265>]>", "clientId": {"$oid": "68faade284e2434ed5dedafd"}}
2025-10-24 00:36:18,895 - DEBUG - {"message": "Server selection succeeded", "selector": "<function writable_server_selector at 0x7a1383c19bc0>", "operation": "update", "topologyDescription": "<TopologyDescription id: 68faade284e2434ed5dedafd, topology_type: Single, servers: [<ServerDescription ('localhost', 27017) server_type: Standalone, rtt: 0.0024023929981922265>]>", "clientId": {"$oid": "68faade284e2434ed5dedafd"}, "serverHost": "localhost", "serverPort": 27017}
2025-10-24 00:36:18,896 - DEBUG - {"message": "Connection checkout started", "clientId": {"$oid": "68faade284e2434ed5dedafd"}, "serverHost": "localhost", "serverPort": 27017}
2025-10-24 00:36:18,896 - DEBUG - {"message": "Connection checked out", "clientId": {"$oid": "68faade284e2434ed5dedafd"}, "serverHost": "localhost", "serverPort": 27017, "driverConnectionId": 1, "durationMS": 0.0005222979998507071}
2025-10-24 00:36:18,897 - DEBUG - {"message": "Command started", "clientId": {"$oid": "68faade284e2434ed5dedafd"}, "command": "{\"update\": \"gpx_traces\", \"ordered\": true, \"lsid\": {\"id\": {\"$binary\": {\"base64\": \"PB1uV7YBRPywj8AUaQ5btw==\", \"subType\": \"04\"}}}, \"$db\": \"randovango\", \"updates\": [{\"q\": {\"_id\": {\"$oid\": \"68faade284e2434ed5dedafe\"}}, \"u\": {\"$set\": {\"gpxtrace_id\": 1}}}]}", "commandName": "update", "databaseName": "randovango", "requestId": 424238335, "operationId": 424238335, "driverConnectionId": 1, "serverConnectionId": 26, "serverHost": "localhost", "serverPort": 27017}
2025-10-24 00:36:18,908 - DEBUG - {"message": "Command succeeded", "clientId": {"$oid": "68faade284e2434ed5dedafd"}, "durationMS": 11.256, "reply": "{\"n\": 1, \"nModified\": 1, \"ok\": 1.0}", "commandName": "update", "databaseName": "randovango", "requestId": 424238335, "operationId": 424238335, "driverConnectionId": 1, "serverConnectionId": 26, "serverHost": "localhost", "serverPort": 27017}
2025-10-24 00:36:18,909 - DEBUG - {"message": "Connection checked in", "clientId": {"$oid": "68faade284e2434ed5dedafd"}, "serverHost": "localhost", "serverPort": 27017, "driverConnectionId": 1}
2025-10-24 00:36:19,233 - DEBUG - {"message": "Server heartbeat failed", "topologyId": {"$oid": "68faade284e2434ed5dedafd"}, "serverHost": "localhost", "serverPort": 27017, "awaited": true, "durationMS": 502.60216900278465, "failure": "\"_OperationCancelled('operation cancelled')\"", "driverConnectionId": 1}
2025-10-24 00:37:15,526 - INFO - [ETL] Import GPX: data/in/gpx/FFRandonnée-Du _Minou_au_Mengant.gpx
2025-10-24 00:37:15,564 - DEBUG - {"message": "Server selection started", "selector": "<function writable_server_selector at 0x79c63e8189a0>", "operation": "insert", "topologyDescription": "<TopologyDescription id: 68faae1bc56184865037e2d0, topology_type: Single, servers: [<ServerDescription ('localhost', 27017) server_type: Standalone, rtt: 0.002180497001972981>]>", "clientId": {"$oid": "68faae1bc56184865037e2d0"}}
2025-10-24 00:37:15,564 - DEBUG - {"message": "Server selection succeeded", "selector": "<function writable_server_selector at 0x79c63e8189a0>", "operation": "insert", "topologyDescription": "<TopologyDescription id: 68faae1bc56184865037e2d0, topology_type: Single, servers: [<ServerDescription ('localhost', 27017) server_type: Standalone, rtt: 0.002180497001972981>]>", "clientId": {"$oid": "68faae1bc56184865037e2d0"}, "serverHost": "localhost", "serverPort": 27017}
2025-10-24 00:37:15,565 - DEBUG - {"message": "Connection checkout started", "clientId": {"$oid": "68faae1bc56184865037e2d0"}, "serverHost": "localhost", "serverPort": 27017}
2025-10-24 00:37:15,565 - DEBUG - {"message": "Connection created", "clientId": {"$oid": "68faae1bc56184865037e2d0"}, "serverHost": "localhost", "serverPort": 27017, "driverConnectionId": 1}
2025-10-24 00:37:15,568 - DEBUG - {"message": "Connection ready", "clientId": {"$oid": "68faae1bc56184865037e2d0"}, "serverHost": "localhost", "serverPort": 27017, "driverConnectionId": 1, "durationMS": 0.0017026970017468557}
2025-10-24 00:37:15,568 - DEBUG - {"message": "Connection checked out", "clientId": {"$oid": "68faae1bc56184865037e2d0"}, "serverHost": "localhost", "serverPort": 27017, "driverConnectionId": 1, "durationMS": 0.0033500950012239628}
2025-10-24 00:37:15,569 - DEBUG - {"message": "Command started", "clientId": {"$oid": "68faae1bc56184865037e2d0"}, "command": "{\"insert\": \"gpx_traces\", \"ordered\": true, \"lsid\": {\"id\": {\"$binary\": {\"base64\": \"ESS0m5SWSni5oAqEDeZqbA==\", \"subType\": \"04\"}}}, \"$db\": \"randovango\", \"documents\": [{\"name\": \"FFRandonne\u0301e-Du\u00a0_Minou_au_Mengant\", \"distance_km\": 5.745356246422612, \"denivele_m\": 186.07500000000005, \"points\": [{\"lat\": 48.340832136248, \"lon\": -4.6152059457629, \"ele\": 17.33}, {\"lat\": 48.340826503227, \"lon\": -4.6152091958499, \"ele\": 17.03}, {\"lat\": 48.340595259301, \"lon\": -4.6152908854285, \"ele\": 14.78}, {\"lat\": 48.340115724055, \"lon\": -4.6154381383819, \"ele\": 9.08}, {\"lat\": 48.340105611758, \"lon\": -4.6153912092526, \"ele\": 9.14}, {\"lat\": 48.340071916496, \"lon\": -4.6152339306767, \"ele\": 9.44}, {\"lat\": 48.340065040497, \"lon\": -4.6152003934724, \"ele\": 9.66}, {\"lat\": 48.340067003872, \"lon\": -4.615155936634, \"ele\": 10.22}, {\"lat\": 48.34010727216, \"lon\": -4.6151061915474, \"ele\": 10.58}, {\"lat\": 48.340212883249, \"lon\": -4.6150103395552, \"ele\": 11.98}, {\"lat\": 48.340318494254, \"lon\": -4.6149144871785, \"ele\": 1...", "commandName": "insert", "databaseName": "randovango", "requestId": 1957747793, "operationId": 1957747793, "driverConnectionId": 1, "serverConnectionId": 29, "serverHost": "localhost", "serverPort": 27017}
2025-10-24 00:37:15,582 - DEBUG - {"message": "Command succeeded", "clientId": {"$oid": "68faae1bc56184865037e2d0"}, "durationMS": 12.921, "reply": "{\"n\": 1, \"ok\": 1.0}", "commandName": "insert", "databaseName": "randovango", "requestId": 1957747793, "operationId": 1957747793, "driverConnectionId": 1, "serverConnectionId": 29, "serverHost": "localhost", "serverPort": 27017}
2025-10-24 00:37:15,582 - DEBUG - {"message": "Connection checked in", "clientId": {"$oid": "68faae1bc56184865037e2d0"}, "serverHost": "localhost", "serverPort": 27017, "driverConnectionId": 1}
2025-10-24 00:37:15,610 - DEBUG - {"message": "Server selection started", "selector": "<function writable_server_selector at 0x79c63e8189a0>", "operation": "update", "topologyDescription": "<TopologyDescription id: 68faae1bc56184865037e2d0, topology_type: Single, servers: [<ServerDescription ('localhost', 27017) server_type: Standalone, rtt: 0.002180497001972981>]>", "clientId": {"$oid": "68faae1bc56184865037e2d0"}}
2025-10-24 00:37:15,611 - DEBUG - {"message": "Server selection succeeded", "selector": "<function writable_server_selector at 0x79c63e8189a0>", "operation": "update", "topologyDescription": "<TopologyDescription id: 68faae1bc56184865037e2d0, topology_type: Single, servers: [<ServerDescription ('localhost', 27017) server_type: Standalone, rtt: 0.002180497001972981>]>", "clientId": {"$oid": "68faae1bc56184865037e2d0"}, "serverHost": "localhost", "serverPort": 27017}
2025-10-24 00:37:15,612 - DEBUG - {"message": "Connection checkout started", "clientId": {"$oid": "68faae1bc56184865037e2d0"}, "serverHost": "localhost", "serverPort": 27017}
2025-10-24 00:37:15,612 - DEBUG - {"message": "Connection checked out", "clientId": {"$oid": "68faae1bc56184865037e2d0"}, "serverHost": "localhost", "serverPort": 27017, "driverConnectionId": 1, "durationMS": 0.000508999997691717}
2025-10-24 00:37:15,613 - DEBUG - {"message": "Command started", "clientId": {"$oid": "68faae1bc56184865037e2d0"}, "command": "{\"update\": \"gpx_traces\", \"ordered\": true, \"lsid\": {\"id\": {\"$binary\": {\"base64\": \"ESS0m5SWSni5oAqEDeZqbA==\", \"subType\": \"04\"}}}, \"$db\": \"randovango\", \"updates\": [{\"q\": {\"_id\": {\"$oid\": \"68faae1bc56184865037e2d1\"}}, \"u\": {\"$set\": {\"gpxtrace_id\": 2}}}]}", "commandName": "update", "databaseName": "randovango", "requestId": 424238335, "operationId": 424238335, "driverConnectionId": 1, "serverConnectionId": 29, "serverHost": "localhost", "serverPort": 27017}
2025-10-24 00:37:15,615 - DEBUG - {"message": "Command succeeded", "clientId": {"$oid": "68faae1bc56184865037e2d0"}, "durationMS": 1.8359999999999999, "reply": "{\"n\": 1, \"nModified\": 1, \"ok\": 1.0}", "commandName": "update", "databaseName": "randovango", "requestId": 424238335, "operationId": 424238335, "driverConnectionId": 1, "serverConnectionId": 29, "serverHost": "localhost", "serverPort": 27017}
2025-10-24 00:37:15,615 - DEBUG - {"message": "Connection checked in", "clientId": {"$oid": "68faae1bc56184865037e2d0"}, "serverHost": "localhost", "serverPort": 27017, "driverConnectionId": 1}
2025-10-24 00:37:15,631 - INFO - [ETL] Extraction météo pour la ville: Une balade au bord de la rade de Brest qui nous offre de somptueux paysages en toute saison.
2025-10-24 00:37:15,631 - INFO - Recherche des coordonnées pour Une balade au bord de la rade de Brest qui nous offre de somptueux paysages en toute saison.
2025-10-24 00:37:15,710 - DEBUG - Converted retries value: 2 -> Retry(total=2, connect=None, read=None, redirect=None, status=None)
2025-10-24 00:37:15,711 - DEBUG - Converted retries value: 2 -> Retry(total=2, connect=None, read=None, redirect=None, status=None)
2025-10-24 00:37:15,712 - DEBUG - Nominatim.geocode: https://nominatim.openstreetmap.org/search?q=Une+balade+au+bord+de+la+rade+de+Brest+qui+nous+offre+de+somptueux+paysages+en+toute+saison.%2C+France&format=json&limit=1
2025-10-24 00:37:15,714 - DEBUG - Starting new HTTPS connection (1): nominatim.openstreetmap.org:443
2025-10-24 00:37:15,986 - DEBUG - https://nominatim.openstreetmap.org:443 "GET /search?q=Une+balade+au+bord+de+la+rade+de+Brest+qui+nous+offre+de+somptueux+paysages+en+toute+saison.%2C+France&format=json&limit=1 HTTP/1.1" 200 2
2025-10-24 00:37:15,989 - WARNING - Impossible de trouver les coordonnées pour Une balade au bord de la rade de Brest qui nous offre de somptueux paysages en toute saison.
2025-10-24 00:37:15,990 - INFO - [ETL] Pipeline terminé.
2025-10-24 00:37:16,437 - DEBUG - {"message": "Server heartbeat failed", "topologyId": {"$oid": "68faae1bc56184865037e2d0"}, "serverHost": "localhost", "serverPort": 27017, "awaited": true, "durationMS": 1002.6596899988363, "failure": "\"_OperationCancelled('operation cancelled')\"", "driverConnectionId": 1}
2025-10-24 00:42:12,961 - INFO - [ETL] Import GPX: data/in/gpx/FFRandonnée-Du _Minou_au_Mengant.gpx
2025-10-24 00:42:12,985 - DEBUG - {"message": "Server selection started", "selector": "<function writable_server_selector at 0x7bf4326ed580>", "operation": "insert", "topologyDescription": "<TopologyDescription id: 68faaf44f09ad0776782a0c0, topology_type: Single, servers: [<ServerDescription ('localhost', 27017) server_type: Standalone, rtt: 0.003020494001248153>]>", "clientId": {"$oid": "68faaf44f09ad0776782a0c0"}}
2025-10-24 00:42:12,986 - DEBUG - {"message": "Server selection succeeded", "selector": "<function writable_server_selector at 0x7bf4326ed580>", "operation": "insert", "topologyDescription": "<TopologyDescription id: 68faaf44f09ad0776782a0c0, topology_type: Single, servers: [<ServerDescription ('localhost', 27017) server_type: Standalone, rtt: 0.003020494001248153>]>", "clientId": {"$oid": "68faaf44f09ad0776782a0c0"}, "serverHost": "localhost", "serverPort": 27017}
2025-10-24 00:42:12,986 - DEBUG - {"message": "Connection checkout started", "clientId": {"$oid": "68faaf44f09ad0776782a0c0"}, "serverHost": "localhost", "serverPort": 27017}
2025-10-24 00:42:12,987 - DEBUG - {"message": "Connection created", "clientId": {"$oid": "68faaf44f09ad0776782a0c0"}, "serverHost": "localhost", "serverPort": 27017, "driverConnectionId": 1}
2025-10-24 00:42:12,990 - DEBUG - {"message": "Connection ready", "clientId": {"$oid": "68faaf44f09ad0776782a0c0"}, "serverHost": "localhost", "serverPort": 27017, "driverConnectionId": 1, "durationMS": 0.0020594960005837493}
2025-10-24 00:42:12,990 - DEBUG - {"message": "Connection checked out", "clientId": {"$oid": "68faaf44f09ad0776782a0c0"}, "serverHost": "localhost", "serverPort": 27017, "driverConnectionId": 1, "durationMS": 0.0038984920029179193}
2025-10-24 00:42:12,992 - DEBUG - {"message": "Command started", "clientId": {"$oid": "68faaf44f09ad0776782a0c0"}, "command": "{\"insert\": \"gpx_traces\", \"ordered\": true, \"lsid\": {\"id\": {\"$binary\": {\"base64\": \"A+eU8/l5Suu0qDnm+sUVOg==\", \"subType\": \"04\"}}}, \"$db\": \"randovango\", \"documents\": [{\"name\": \"FFRandonne\u0301e-Du\u00a0_Minou_au_Mengant\", \"distance_km\": 5.745356246422612, \"denivele_m\": 186.07500000000005, \"points\": [{\"lat\": 48.340832136248, \"lon\": -4.6152059457629, \"ele\": 17.33}, {\"lat\": 48.340826503227, \"lon\": -4.6152091958499, \"ele\": 17.03}, {\"lat\": 48.340595259301, \"lon\": -4.6152908854285, \"ele\": 14.78}, {\"lat\": 48.340115724055, \"lon\": -4.6154381383819, \"ele\": 9.08}, {\"lat\": 48.340105611758, \"lon\": -4.6153912092526, \"ele\": 9.14}, {\"lat\": 48.340071916496, \"lon\": -4.6152339306767, \"ele\": 9.44}, {\"lat\": 48.340065040497, \"lon\": -4.6152003934724, \"ele\": 9.66}, {\"lat\": 48.340067003872, \"lon\": -4.615155936634, \"ele\": 10.22}, {\"lat\": 48.34010727216, \"lon\": -4.6151061915474, \"ele\": 10.58}, {\"lat\": 48.340212883249, \"lon\": -4.6150103395552, \"ele\": 11.98}, {\"lat\": 48.340318494254, \"lon\": -4.6149144871785, \"ele\": 1...", "commandName": "insert", "databaseName": "randovango", "requestId": 1957747793, "operationId": 1957747793, "driverConnectionId": 1, "serverConnectionId": 40, "serverHost": "localhost", "serverPort": 27017}
2025-10-24 00:42:13,004 - DEBUG - {"message": "Command succeeded", "clientId": {"$oid": "68faaf44f09ad0776782a0c0"}, "durationMS": 13.071, "reply": "{\"n\": 1, \"ok\": 1.0}", "commandName": "insert", "databaseName": "randovango", "requestId": 1957747793, "operationId": 1957747793, "driverConnectionId": 1, "serverConnectionId": 40, "serverHost": "localhost", "serverPort": 27017}
2025-10-24 00:42:13,005 - DEBUG - {"message": "Connection checked in", "clientId": {"$oid": "68faaf44f09ad0776782a0c0"}, "serverHost": "localhost", "serverPort": 27017, "driverConnectionId": 1}
2025-10-24 00:42:13,019 - DEBUG - {"message": "Server selection started", "selector": "<function writable_server_selector at 0x7bf4326ed580>", "operation": "update", "topologyDescription": "<TopologyDescription id: 68faaf44f09ad0776782a0c0, topology_type: Single, servers: [<ServerDescription ('localhost', 27017) server_type: Standalone, rtt: 0.003020494001248153>]>", "clientId": {"$oid": "68faaf44f09ad0776782a0c0"}}
2025-10-24 00:42:13,020 - DEBUG - {"message": "Server selection succeeded", "selector": "<function writable_server_selector at 0x7bf4326ed580>", "operation": "update", "topologyDescription": "<TopologyDescription id: 68faaf44f09ad0776782a0c0, topology_type: Single, servers: [<ServerDescription ('localhost', 27017) server_type: Standalone, rtt: 0.003020494001248153>]>", "clientId": {"$oid": "68faaf44f09ad0776782a0c0"}, "serverHost": "localhost", "serverPort": 27017}
2025-10-24 00:42:13,021 - DEBUG - {"message": "Connection checkout started", "clientId": {"$oid": "68faaf44f09ad0776782a0c0"}, "serverHost": "localhost", "serverPort": 27017}
2025-10-24 00:42:13,021 - DEBUG - {"message": "Connection checked out", "clientId": {"$oid": "68faaf44f09ad0776782a0c0"}, "serverHost": "localhost", "serverPort": 27017, "driverConnectionId": 1, "durationMS": 0.0003844999991997611}
2025-10-24 00:42:13,022 - DEBUG - {"message": "Command started", "clientId": {"$oid": "68faaf44f09ad0776782a0c0"}, "command": "{\"update\": \"gpx_traces\", \"ordered\": true, \"lsid\": {\"id\": {\"$binary\": {\"base64\": \"A+eU8/l5Suu0qDnm+sUVOg==\", \"subType\": \"04\"}}}, \"$db\": \"randovango\", \"updates\": [{\"q\": {\"_id\": {\"$oid\": \"68faaf44f09ad0776782a0c1\"}}, \"u\": {\"$set\": {\"gpxtrace_id\": 3}}}]}", "commandName": "update", "databaseName": "randovango", "requestId": 424238335, "operationId": 424238335, "driverConnectionId": 1, "serverConnectionId": 40, "serverHost": "localhost", "serverPort": 27017}
2025-10-24 00:42:13,024 - DEBUG - {"message": "Command succeeded", "clientId": {"$oid": "68faaf44f09ad0776782a0c0"}, "durationMS": 2.3019999999999996, "reply": "{\"n\": 1, \"nModified\": 1, \"ok\": 1.0}", "commandName": "update", "databaseName": "randovango", "requestId": 424238335, "operationId": 424238335, "driverConnectionId": 1, "serverConnectionId": 40, "serverHost": "localhost", "serverPort": 27017}
2025-10-24 00:42:13,025 - DEBUG - {"message": "Connection checked in", "clientId": {"$oid": "68faaf44f09ad0776782a0c0"}, "serverHost": "localhost", "serverPort": 27017, "driverConnectionId": 1}
2025-10-24 00:42:13,120 - DEBUG - Converted retries value: 2 -> Retry(total=2, connect=None, read=None, redirect=None, status=None)
2025-10-24 00:42:13,120 - DEBUG - Converted retries value: 2 -> Retry(total=2, connect=None, read=None, redirect=None, status=None)
2025-10-24 00:42:13,121 - DEBUG - Nominatim.reverse: https://nominatim.openstreetmap.org/reverse?lat=48.340832136248&lon=-4.6152059457629&format=json&accept-language=fr&addressdetails=1
2025-10-24 00:42:13,123 - DEBUG - Starting new HTTPS connection (1): nominatim.openstreetmap.org:443
2025-10-24 00:42:13,325 - DEBUG - https://nominatim.openstreetmap.org:443 "GET /reverse?lat=48.340832136248&lon=-4.6152059457629&format=json&accept-language=fr&addressdetails=1 HTTP/1.1" 200 795
2025-10-24 00:42:13,327 - INFO - Ville trouvée pour (48.340832136248, -4.6152059457629): Plouzané
2025-10-24 00:42:13,330 - INFO - [ETL] Extraction météo pour la ville: Plouzané
2025-10-24 00:42:13,331 - INFO - Recherche des coordonnées pour Plouzané
2025-10-24 00:42:13,403 - DEBUG - Converted retries value: 2 -> Retry(total=2, connect=None, read=None, redirect=None, status=None)
2025-10-24 00:42:13,406 - DEBUG - Converted retries value: 2 -> Retry(total=2, connect=None, read=None, redirect=None, status=None)
2025-10-24 00:42:13,406 - DEBUG - Nominatim.geocode: https://nominatim.openstreetmap.org/search?q=Plouzan%C3%A9%2C+France&format=json&limit=1
2025-10-24 00:42:13,408 - DEBUG - Starting new HTTPS connection (1): nominatim.openstreetmap.org:443
2025-10-24 00:42:14,339 - DEBUG - https://nominatim.openstreetmap.org:443 "GET /search?q=Plouzan%C3%A9%2C+France&format=json&limit=1 HTTP/1.1" 200 478
2025-10-24 00:42:14,341 - INFO - Coordonnées trouvées pour Plouzané: 48.3817165, -4.6212044
2025-10-24 00:42:14,345 - INFO - Coordonnées trouvées: 48.3817165, -4.6212044
2025-10-24 00:42:14,347 - INFO - Appel de l'API météo...
2025-10-24 00:42:14,362 - DEBUG - Starting new HTTPS connection (1): api.open-meteo.com:443
2025-10-24 00:42:14,593 - DEBUG - https://api.open-meteo.com:443 "GET /v1/forecast?latitude=48.3817165&longitude=-4.6212044&timezone=Europe%2FParis&daily=weather_code&daily=temperature_2m_max&daily=temperature_2m_min&daily=precipitation_sum&daily=wind_speed_10m_max&daily=shortwave_radiation_sum&forecast_days=7 HTTP/1.1" 200 None
2025-10-24 00:42:14,595 - INFO - 7 jours de prévisions récupérés
2025-10-24 00:42:14,960 - DEBUG - {"message": "Server heartbeat failed", "topologyId": {"$oid": "68faaf44f09ad0776782a0c0"}, "serverHost": "localhost", "serverPort": 27017, "awaited": true, "durationMS": 2004.7971040003176, "failure": "\"_OperationCancelled('operation cancelled')\"", "driverConnectionId": 1}
