2025-10-21 22:31:49,014 - DEBUG - Nominatim.geocode: https://nominatim.openstreetmap.org/search?q=plougonvelin%2C+France&format=json&limit=1
2025-10-21 22:31:49,176 - INFO -  URL de recherche construite : https://park4night.com/fr/search?lat=48.3415116&lng=-4.7192399&z=15
2025-10-21 22:31:49,178 - INFO -  Mode Headless activé (Sans interface graphique).
2025-10-21 22:31:49,179 - INFO - ====== WebDriver manager ======
2025-10-21 22:31:49,733 - INFO - Get LATEST chromedriver version for google-chrome
2025-10-21 22:31:49,976 - INFO - Get LATEST chromedriver version for google-chrome
2025-10-21 22:31:50,163 - INFO - Driver [/home/n_bediee/.wdm/drivers/chromedriver/linux64/141.0.7390.122/chromedriver-linux64/chromedriver] found in cache
2025-10-21 22:32:33,361 - INFO - 
 110 URLs de fiches d'emplacements trouvées.
2025-10-21 22:32:33,361 - INFO - 
--- Démarrage du Scraping des Fiches Détails ---
2025-10-21 22:32:33,362 - INFO - --- Scraping de l'URL : https://park4night.com/fr/place/225996 ---
2025-10-21 22:32:34,597 - INFO - Extrait: (29217) Plougonvelin - 21 Rue Saint-Jean
2025-10-21 22:32:35,598 - INFO - --- Scraping de l'URL : https://park4night.com/fr/place/2309 ---
2025-10-21 22:32:37,663 - INFO - Extrait: (29217) Aire de camping-cars de Plougonvelin
2025-10-21 22:32:38,664 - INFO - --- Scraping de l'URL : https://park4night.com/fr/place/386860 ---
2025-10-21 22:32:41,270 - INFO - Extrait: (29217) Plougonvelin - 6016 Rue de Kerouanen
2025-10-21 22:32:42,271 - INFO - --- Scraping de l'URL : https://park4night.com/fr/place/91807 ---
2025-10-21 22:32:43,669 - INFO - Extrait: (29217) Camping Keryel
2025-10-21 22:32:44,670 - INFO - --- Scraping de l'URL : https://park4night.com/fr/place/537909 ---
2025-10-21 22:32:46,211 - INFO - Extrait: (29217) Plougonvelin - 28 Boulevard de la Mer
2025-10-21 22:32:47,214 - INFO - --- Scraping de l'URL : https://park4night.com/fr/place/626121 ---
2025-10-21 22:32:47,357 - INFO - Extrait: (29217) Plougonvelin - Place des FFI
2025-10-21 22:32:48,357 - INFO - --- Scraping de l'URL : https://park4night.com/fr/place/54863 ---
2025-10-21 22:32:49,315 - INFO - Extrait: (29217) Le Conquet - 47-115 Lochrist
2025-10-21 22:32:50,316 - INFO - --- Scraping de l'URL : https://park4night.com/fr/place/612719 ---
2025-10-21 22:32:51,437 - INFO - Extrait: (29280) Locmaria-Plouzané - 22 Rue de Porsmilin
2025-10-21 22:32:52,438 - INFO - --- Scraping de l'URL : https://park4night.com/fr/place/36565 ---
2025-10-21 22:32:54,012 - INFO - Extrait: (29217) Le Conquet - 73 Route Touristique
2025-10-21 22:32:55,014 - INFO - --- Scraping de l'URL : https://park4night.com/fr/place/203155 ---
2025-10-21 22:32:56,916 - INFO - Extrait: (29280) Locmaria-Plouzané - 25 Boulevard de l'Océan
2025-10-21 22:32:57,916 - INFO - --- Scraping de l'URL : https://park4night.com/fr/place/10564 ---
2025-10-21 22:32:59,288 - INFO - Extrait: (29217) Le Conquet - 96-98 Route Touristique
2025-10-21 22:33:00,289 - INFO - --- Scraping de l'URL : https://park4night.com/fr/place/3681 ---
2025-10-21 22:33:01,824 - INFO - Extrait: (29280) Locmaria-Plouzané - 5 Rue de Portez
2025-10-21 22:33:02,825 - INFO - --- Scraping de l'URL : https://park4night.com/fr/place/119909 ---
2025-10-21 22:33:04,594 - INFO - Extrait: (29280) Camping Municipal de la Plage de Portez
2025-10-21 22:33:05,597 - INFO - --- Scraping de l'URL : https://park4night.com/fr/place/102745 ---
2025-10-21 22:33:06,663 - INFO - Extrait: (29280) Locmaria-Plouzané - Route de Trégana
2025-10-21 22:33:07,664 - INFO - --- Scraping de l'URL : https://park4night.com/fr/place/17623 ---
2025-10-21 22:33:09,296 - INFO - Extrait: (29217) Camping Les Blancs Sablons
2025-10-21 22:33:10,297 - INFO - --- Scraping de l'URL : https://park4night.com/fr/place/493284 ---
2025-10-21 22:33:11,394 - INFO - Extrait: (29217) Le Conquet - 8A Rue de la Fontaine
2025-10-21 22:33:12,396 - INFO - --- Scraping de l'URL : https://park4night.com/fr/place/549351 ---
2025-10-21 22:33:13,584 - INFO - Extrait: (29217) Le Conquet -
2025-10-21 22:33:14,585 - INFO - --- Scraping de l'URL : https://park4night.com/fr/place/2295 ---
2025-10-21 22:33:16,735 - INFO - Extrait: (29217) Le Conquet - 17 Rue Général Leclerc
2025-10-21 22:33:17,736 - INFO - --- Scraping de l'URL : https://park4night.com/fr/place/493297 ---
2025-10-21 22:33:18,724 - INFO - Extrait: (29217) Le Conquet - 2 Place Charles Minguy
2025-10-21 22:33:18,577 - INFO - --- Scraping de l'URL : https://park4night.com/fr/place/37978 ---
2025-10-21 22:33:19,646 - INFO - Extrait: (29217) Le Conquet - 44 Lanfeust
2025-10-21 22:33:20,647 - INFO - --- Scraping de l'URL : https://park4night.com/fr/place/1193 ---
2025-10-21 22:33:21,903 - INFO - Extrait: (29217) Le Conquet - 18 Route de la Presqu'île Kermorvan
2025-10-21 22:33:22,904 - INFO - --- Scraping de l'URL : https://park4night.com/fr/place/215739 ---
2025-10-21 22:33:24,023 - INFO - Extrait: (29217) Le Conquet - 20 Chemin de la Maison Blanche
2025-10-21 22:33:25,023 - INFO - --- Scraping de l'URL : https://park4night.com/fr/place/539837 ---
2025-10-21 22:33:26,187 - INFO - Extrait: (29217) Le Conquet - 16 Route de la Presqu'île Kermorvan
2025-10-21 22:33:27,188 - INFO - --- Scraping de l'URL : https://park4night.com/fr/place/42738 ---
2025-10-21 22:33:28,397 - INFO - Extrait: (29217) Le Conquet - 44 Lanfeust
2025-10-21 22:33:29,399 - INFO - --- Scraping de l'URL : https://park4night.com/fr/place/6693 ---
2025-10-21 22:33:30,831 - INFO - Extrait: (29280) Locmaria-Plouzané - Rue de la Fontaine
2025-10-21 22:33:31,835 - INFO - --- Scraping de l'URL : https://park4night.com/fr/place/518663 ---
2025-10-21 22:33:32,955 - INFO - Extrait: (29810) Ploumoguer - 1 Rue de Verdun
2025-10-21 22:33:33,956 - INFO - --- Scraping de l'URL : https://park4night.com/fr/place/287 ---
2025-10-21 22:33:35,729 - INFO - Extrait: (29810) Ploumoguer - 4-375 Rue du Stade
2025-10-21 22:33:36,730 - INFO - --- Scraping de l'URL : https://park4night.com/fr/place/4845 ---
2025-10-21 22:33:38,397 - INFO - Extrait: (29280) Plouzané - 5386-5468 Route du Minou
2025-10-21 22:33:39,398 - INFO - --- Scraping de l'URL : https://park4night.com/fr/place/350941 ---
2025-10-21 22:33:40,629 - INFO - Extrait: (29280) Plouzané - Rue du Phare
2025-10-21 22:33:41,633 - INFO - --- Scraping de l'URL : https://park4night.com/fr/place/203818 ---
2025-10-21 22:33:44,031 - INFO - Extrait: (29280) Plouzané - 4975 Route du Minou
2025-10-21 22:33:45,033 - INFO - --- Scraping de l'URL : https://park4night.com/fr/place/5217 ---
2025-10-21 22:33:49,858 - INFO - Extrait: (29280) Plouzané - 2B Rue de Saint-Sane
2025-10-21 22:33:50,870 - INFO - --- Scraping de l'URL : https://park4night.com/fr/place/29295 ---
2025-10-21 22:33:52,258 - INFO - Extrait: (29810) Plouarzel - 4 Kerujean
2025-10-21 22:33:53,258 - INFO - --- Scraping de l'URL : https://park4night.com/fr/place/233517 ---
2025-10-21 22:33:54,428 - INFO - Extrait: (29810) Plouarzel - 15 Rue de la Libération
2025-10-21 22:33:55,429 - INFO - --- Scraping de l'URL : https://park4night.com/fr/place/131686 ---
2025-10-21 22:33:56,469 - INFO - Extrait: (29810) Plouarzel - Rue de Saint-Renan
2025-10-21 22:33:57,471 - INFO - --- Scraping de l'URL : https://park4night.com/fr/place/3191 ---
2025-10-21 22:33:59,277 - INFO - Extrait: (29810) Plouarzel - Route de Ruscumunoc
2025-10-21 22:34:00,277 - INFO - --- Scraping de l'URL : https://park4night.com/fr/place/594085 ---
2025-10-21 22:34:01,340 - INFO - Extrait: (29810) Plouarzel - 45 Ménez Crenn
2025-10-21 22:34:02,340 - INFO - --- Scraping de l'URL : https://park4night.com/fr/place/591116 ---
2025-10-21 22:34:03,258 - INFO - Extrait: (29280) Plouzané - 6 Rue de Kerallan
2025-10-21 22:34:04,258 - INFO - --- Scraping de l'URL : https://park4night.com/fr/place/89687 ---
2025-10-21 22:34:05,811 - INFO - Extrait: (29810) Camping de Porsévigné
2025-10-21 22:34:06,812 - INFO - --- Scraping de l'URL : https://park4night.com/fr/place/489770 ---
2025-10-21 22:34:08,218 - INFO - Extrait: (29570) Camaret-sur-Mer - 40 Rue Saint-Pol Roux
2025-10-21 22:34:09,220 - INFO - --- Scraping de l'URL : https://park4night.com/fr/place/8912 ---
2025-10-21 22:34:10,862 - INFO - Extrait: (29570) Le Camping municipal du Lannic**
2025-10-21 22:34:11,863 - INFO - --- Scraping de l'URL : https://park4night.com/fr/place/643386 ---
2025-10-21 22:34:12,911 - INFO - Extrait: (29570) Camaret-sur-Mer - Rue du Grouanoch
2025-10-21 22:34:13,912 - INFO - --- Scraping de l'URL : https://park4night.com/fr/place/579 ---
2025-10-21 22:34:14,782 - INFO - Extrait: (29280) Plouzané - Route du Dellec
2025-10-21 22:34:15,783 - INFO - --- Scraping de l'URL : https://park4night.com/fr/place/581720 ---
2025-10-21 22:34:16,831 - INFO - Extrait: (29570) Camaret-sur-Mer - 5 Rue de l'Abri du Marin
2025-10-21 22:34:17,832 - INFO - --- Scraping de l'URL : https://park4night.com/fr/place/645620 ---
2025-10-21 22:34:19,118 - INFO - Extrait: (29570) Roscanvel - D 355
2025-10-21 22:34:20,120 - INFO - --- Scraping de l'URL : https://park4night.com/fr/place/261039 ---
2025-10-21 22:34:20,152 - INFO - Extrait: (29810) Camping municipal de Porscuidic
2025-10-21 22:34:21,153 - INFO - --- Scraping de l'URL : https://park4night.com/fr/place/325892 ---
2025-10-21 22:34:22,122 - INFO - Extrait: (29570) Camaret-sur-Mer - 1 Rue du Loc'h
2025-10-21 22:34:23,123 - INFO - --- Scraping de l'URL : https://park4night.com/fr/place/636859 ---
2025-10-21 22:34:24,363 - INFO - Extrait: (29570) Camaret-sur-Mer - Rue des Sardiniers
2025-10-21 22:34:25,365 - INFO - --- Scraping de l'URL : https://park4night.com/fr/place/580919 ---
2025-10-21 22:34:26,666 - INFO - Extrait: (29280) Plouzané - 15 Rue Dumont d'Urville
2025-10-21 22:34:27,666 - INFO - --- Scraping de l'URL : https://park4night.com/fr/place/17362 ---
2025-10-21 22:34:29,200 - INFO - Extrait: (29570) Camaret-sur-Mer - 930 Rue de la Gare
2025-10-21 22:34:30,217 - INFO - --- Scraping de l'URL : https://park4night.com/fr/place/23633 ---
2025-10-21 22:34:32,287 - INFO - Extrait: (29280) Plouzané - Unnamed Road
2025-10-21 22:34:33,288 - INFO - --- Scraping de l'URL : https://park4night.com/fr/place/142163 ---
2025-10-21 22:34:34,593 - INFO - Extrait: (29290) Saint-Renan - 10 Rue de Kerzouar
2025-10-21 22:34:35,594 - INFO - --- Scraping de l'URL : https://park4night.com/fr/place/155962 ---
2025-10-21 22:34:36,813 - INFO - Extrait: (29810) Lampaul-Plouarzel - 8 Rue de Brest
2025-10-21 22:34:37,814 - INFO - --- Scraping de l'URL : https://park4night.com/fr/place/139088 ---
2025-10-21 22:34:39,386 - INFO - Extrait: (29570) Camping municipal de Kervian
2025-10-21 22:34:40,387 - INFO - --- Scraping de l'URL : https://park4night.com/fr/place/405620 ---
2025-10-21 22:34:42,780 - INFO - Extrait: (29280) Plouzané - Rte de Trenen
2025-10-21 22:34:43,800 - INFO - --- Scraping de l'URL : https://park4night.com/fr/place/602950 ---
2025-10-21 22:34:45,264 - INFO - Extrait: (29200) Brest - 4 Rue Jim Sévellec
2025-10-21 22:34:46,265 - INFO - --- Scraping de l'URL : https://park4night.com/fr/place/61968 ---
2025-10-21 22:34:47,519 - INFO - Extrait: (29570) Camaret-sur-Mer - 7 Route de Crozon
2025-10-21 22:34:48,519 - INFO - --- Scraping de l'URL : https://park4night.com/fr/place/34918 ---
2025-10-21 22:34:49,938 - INFO - Extrait: (29290) CAMPING MUNICIPAL LOKOURNAN
2025-10-21 22:34:50,939 - INFO - --- Scraping de l'URL : https://park4night.com/fr/place/292 ---
2025-10-21 22:34:51,395 - INFO - Extrait: (29810) Lampaul-Plouarzel - Rue de Beg ar Vir
2025-10-21 22:34:52,396 - INFO - --- Scraping de l'URL : https://park4night.com/fr/place/54685 ---
2025-10-21 22:34:53,498 - INFO - Extrait: (29290) Saint-Renan - 3 Allée du Chemin de Fer
2025-10-21 22:34:54,499 - INFO - --- Scraping de l'URL : https://park4night.com/fr/place/623098 ---
2025-10-21 22:34:55,766 - INFO - Extrait: (29200) Brest - Route de Sainte-Anne du Portzic
2025-10-21 22:34:56,769 - INFO - --- Scraping de l'URL : https://park4night.com/fr/place/93338 ---
2025-10-21 22:34:57,932 - INFO - Extrait: (29290) Saint-Renan - 10 Rue du Pont de Bois
2025-10-21 22:34:58,933 - INFO - --- Scraping de l'URL : https://park4night.com/fr/place/410547 ---
2025-10-21 22:35:00,260 - INFO - Extrait: (29290) Saint-Renan -
2025-10-21 22:35:01,262 - INFO - --- Scraping de l'URL : https://park4night.com/fr/place/394498 ---
2025-10-21 22:35:04,090 - INFO - Extrait: (29290) Aire de camping-car de Saint Renan
2025-10-21 22:35:05,092 - INFO - --- Scraping de l'URL : https://park4night.com/fr/place/14684 ---
2025-10-21 22:35:07,676 - INFO - Extrait: (29160) Camping plage de Trez Rouz
2025-10-21 22:35:08,677 - INFO - --- Scraping de l'URL : https://park4night.com/fr/place/11080 ---
2025-10-21 22:35:10,121 - INFO - Extrait: (29570) Le Grand Large Lambézen
2025-10-21 22:35:11,122 - INFO - --- Scraping de l'URL : https://park4night.com/fr/place/453297 ---
2025-10-21 22:35:12,507 - INFO - Extrait: (29810) Lampaul-Plouarzel - 75 Rue du Gouerou
2025-10-21 22:35:13,508 - INFO - --- Scraping de l'URL : https://park4night.com/fr/place/11472 ---
2025-10-21 22:35:15,213 - INFO - Extrait: (29200) Camping du Goulet
2025-10-21 22:35:16,221 - INFO - --- Scraping de l'URL : https://park4night.com/fr/place/1791 ---
2025-10-21 22:35:17,556 - INFO - Extrait: (29570) Roscanvel - D355
2025-10-21 22:35:18,557 - INFO - --- Scraping de l'URL : https://park4night.com/fr/place/327946 ---
2025-10-21 22:35:19,656 - INFO - Extrait: (29200) Brest - 2155 Route de Sainte-Anne du Portzic
2025-10-21 22:35:20,657 - INFO - --- Scraping de l'URL : https://park4night.com/fr/place/208868 ---
2025-10-21 22:35:21,668 - INFO - Extrait: (29200) Brest - 2841-2925 Route de Sainte-Anne du Portzic
2025-10-21 22:35:22,668 - INFO - --- Scraping de l'URL : https://park4night.com/fr/place/43598 ---
2025-10-21 22:35:22,801 - INFO - Extrait: (29810) Lampaul-Plouarzel - 38-50 Rue de l'Aber
2025-10-21 22:35:23,802 - INFO - --- Scraping de l'URL : https://park4night.com/fr/place/616399 ---
2025-10-21 22:35:25,129 - INFO - Extrait: (29810) Lampaul-Plouarzel - Rue de L'Aber
2025-10-21 22:35:26,130 - INFO - --- Scraping de l'URL : https://park4night.com/fr/place/152930 ---
2025-10-21 22:35:27,175 - INFO - Extrait: (29200) Brest -
2025-10-21 22:35:28,176 - INFO - --- Scraping de l'URL : https://park4night.com/fr/place/262483 ---
2025-10-21 22:35:29,343 - INFO - Extrait: (29840) Lanildut - 6A Route de l'Aber Ildut
2025-10-21 22:35:30,345 - INFO - --- Scraping de l'URL : https://park4night.com/fr/place/7059 ---
2025-10-21 22:35:32,596 - INFO - Extrait: (29840) Lanildut - 7 Route du Crapaud
2025-10-21 22:35:33,604 - INFO - --- Scraping de l'URL : https://park4night.com/fr/place/320275 ---
2025-10-21 22:35:36,085 - INFO - Extrait: (29820) Guilers -
2025-10-21 22:35:37,086 - INFO - --- Scraping de l'URL : https://park4night.com/fr/place/30453 ---
2025-10-21 22:35:38,651 - INFO - Extrait: (29840) Lanildut - Anse de Saint-Gildas
2025-10-21 22:35:39,652 - INFO - --- Scraping de l'URL : https://park4night.com/fr/place/521805 ---
2025-10-21 22:35:41,157 - INFO - Extrait: (29820) Guilers - Unnamed Road
2025-10-21 22:35:42,157 - INFO - --- Scraping de l'URL : https://park4night.com/fr/place/615574 ---
2025-10-21 22:35:43,531 - INFO - Extrait: (29160) Crozon - C 15
2025-10-21 22:35:44,532 - INFO - --- Scraping de l'URL : https://park4night.com/fr/place/335599 ---
2025-10-21 22:35:47,256 - INFO - Extrait: (29160) Camping Les Pieds Dans L'eau
2025-10-21 22:35:48,257 - INFO - --- Scraping de l'URL : https://park4night.com/fr/place/55023 ---
2025-10-21 22:35:50,403 - INFO - Extrait: (29810) Brélès - 1 Rue de Poul ar Ganol
2025-10-21 22:35:51,403 - INFO - --- Scraping de l'URL : https://park4night.com/fr/place/437378 ---
2025-10-21 22:35:54,187 - INFO - Extrait: (29160) Crozon - Hameau de Kernaou, lieu dit Kernaou
2025-10-21 22:35:55,188 - INFO - --- Scraping de l'URL : https://park4night.com/fr/place/551405 ---
2025-10-21 22:35:58,907 - INFO - Extrait: (29200) Brest - 143 Route de la Corniche
2025-10-21 22:35:59,918 - INFO - --- Scraping de l'URL : https://park4night.com/fr/place/421651 ---
2025-10-21 22:36:01,770 - INFO - Extrait: (29820) Guilers - 13 Rue Saint-Valentin
2025-10-21 22:36:02,771 - INFO - --- Scraping de l'URL : https://park4night.com/fr/place/518900 ---
2025-10-21 22:36:04,186 - INFO - Extrait: (29200) Brest - 140 Boulevard de Plymouth
2025-10-21 22:36:05,187 - INFO - --- Scraping de l'URL : https://park4night.com/fr/place/578890 ---
2025-10-21 22:36:07,662 - INFO - Extrait: (29200) Brest - 85 Chemin de Kerastel Montagne
2025-10-21 22:36:08,663 - INFO - --- Scraping de l'URL : https://park4night.com/fr/place/34401 ---
2025-10-21 22:36:11,486 - INFO - Extrait: (29840) Camping du Tromeur - Lanildut
2025-10-21 22:36:12,492 - INFO - --- Scraping de l'URL : https://park4night.com/fr/place/566343 ---
2025-10-21 22:36:14,497 - INFO - Extrait: (29200) Brest -
2025-10-21 22:36:15,500 - INFO - --- Scraping de l'URL : https://park4night.com/fr/place/307000 ---
2025-10-21 22:36:16,720 - INFO - Extrait: (29290) Lanrivoaré - 5 Résidence de la Source
2025-10-21 22:36:17,720 - INFO - --- Scraping de l'URL : https://park4night.com/fr/place/162312 ---
2025-10-21 22:36:19,447 - INFO - Extrait: (29820) Guilers - 7 Rue de la Rive
2025-10-21 22:36:20,450 - INFO - --- Scraping de l'URL : https://park4night.com/fr/place/497049 ---
2025-10-21 22:36:22,093 - INFO - Extrait: (29840) Porspoder - 34 Rue du Port
2025-10-21 22:36:23,094 - INFO - --- Scraping de l'URL : https://park4night.com/fr/place/558675 ---
2025-10-21 22:36:24,815 - INFO - Extrait: (29200) Brest - 34 Rue Dupuy de Lomé
2025-10-21 22:36:24,668 - INFO - --- Scraping de l'URL : https://park4night.com/fr/place/226795 ---
2025-10-21 22:36:26,012 - INFO - Extrait: (29820) Bohars - Allée des Jardins de Talarn
2025-10-21 22:36:27,014 - INFO - --- Scraping de l'URL : https://park4night.com/fr/place/584544 ---
2025-10-21 22:36:29,275 - INFO - Extrait: (29200) Brest - Rte de Kervallon
2025-10-21 22:36:30,277 - INFO - --- Scraping de l'URL : https://park4night.com/fr/place/420 ---
2025-10-21 22:36:34,273 - INFO - Extrait: (29160) Crozon - 1-9 Rue du Moulin du Chat
2025-10-21 22:36:35,277 - INFO - --- Scraping de l'URL : https://park4night.com/fr/place/308389 ---
2025-10-21 22:36:36,471 - INFO - Extrait: (29200) Brest - Parking Rpe des Capucins
2025-10-21 22:36:37,472 - INFO - --- Scraping de l'URL : https://park4night.com/fr/place/367860 ---
2025-10-21 22:36:40,901 - INFO - Extrait: (29200) Brest - 33 Rue Saint-Exupéry
2025-10-21 22:36:41,903 - INFO - --- Scraping de l'URL : https://park4night.com/fr/place/486304 ---
2025-10-21 22:36:43,402 - INFO - Extrait: (29160) Crozon - 37 D55A
2025-10-21 22:36:44,403 - INFO - --- Scraping de l'URL : https://park4night.com/fr/place/169084 ---
2025-10-21 22:36:46,051 - INFO - Extrait: (29200) Station Total
2025-10-21 22:36:47,052 - INFO - --- Scraping de l'URL : https://park4night.com/fr/place/306519 ---
2025-10-21 22:36:48,128 - INFO - Extrait: (29200) Brest - 12 Rue Quartier Maître Bondon
2025-10-21 22:36:49,129 - INFO - --- Scraping de l'URL : https://park4night.com/fr/place/429466 ---
2025-10-21 22:36:50,475 - INFO - Extrait: (29840) Porspoder - 36 Hent Mazou
2025-10-21 22:36:51,477 - INFO - --- Scraping de l'URL : https://park4night.com/fr/place/482476 ---
2025-10-21 22:36:52,595 - INFO - Extrait: (29200) Brest - 4 Rue de Châtellier
2025-10-21 22:36:53,673 - INFO - --- Scraping de l'URL : https://park4night.com/fr/place/468757 ---
2025-10-21 22:36:56,573 - INFO - Extrait: (29200) Brest - 4 Cité Suffren
2025-10-21 22:36:57,574 - INFO - --- Scraping de l'URL : https://park4night.com/fr/place/451823 ---
2025-10-21 22:36:59,144 - INFO - Extrait: (29200) Brest - 9 Boulevard des Français Libres
2025-10-21 22:37:00,145 - INFO - --- Scraping de l'URL : https://park4night.com/fr/place/54911 ---
2025-10-21 22:37:03,312 - INFO - Extrait: (29160) Gwel Kaer campsite - Le Fret
2025-10-21 22:37:04,313 - INFO - --- Scraping de l'URL : https://park4night.com/fr/place/603804 ---
2025-10-21 22:37:05,451 - INFO - Extrait: (29200) Brest - 185 Rue Robert Laot
2025-10-21 22:37:06,452 - INFO - --- Scraping de l'URL : https://park4night.com/fr/place/621997 ---
2025-10-21 22:37:07,488 - INFO - Extrait: (29200) Brest - Cours Dajot
2025-10-21 22:37:08,490 - INFO - --- Scraping de l'URL : https://park4night.com/fr/place/28697 ---
2025-10-21 22:37:09,929 - INFO - Extrait: (29200) Brest - Rampe d'Accès au Port
2025-10-21 22:37:10,929 - INFO - --- Scraping de l'URL : https://park4night.com/fr/place/380812 ---
2025-10-21 22:37:12,170 - INFO - Extrait: (29200) Brest - 22 Rue de Denver
2025-10-21 22:37:13,171 - INFO - --- Scraping de l'URL : https://park4night.com/fr/place/166105 ---
2025-10-21 22:37:14,262 - INFO - Extrait: (29820) Bohars - 21 Rue Prosper Salaün
2025-10-21 22:37:15,326 - INFO - 
 SUCCÈS : 110 emplacements sauvegardés dans '/home/n_bediee/iadev/randovango/data/in/p4n_results_plougonvelin.csv' avec Pandas.
2025-10-21 22:37:16,540 - DEBUG - Nominatim.geocode: https://nominatim.openstreetmap.org/search?q=plougonvelin%2C+France&format=json&limit=1
2025-10-21 22:37:16,908 - INFO -  URL de recherche construite : https://park4night.com/fr/search?lat=48.3415116&lng=-4.7192399&z=15
2025-10-21 22:37:16,911 - INFO -  Mode Headless activé (Sans interface graphique).
2025-10-21 22:37:16,912 - INFO - ====== WebDriver manager ======
2025-10-21 22:37:17,534 - INFO - Get LATEST chromedriver version for google-chrome
2025-10-21 22:37:17,740 - INFO - Get LATEST chromedriver version for google-chrome
2025-10-21 22:37:18,023 - INFO - Driver [/home/n_bediee/.wdm/drivers/chromedriver/linux64/141.0.7390.122/chromedriver-linux64/chromedriver] found in cache
2025-10-21 22:38:01,465 - INFO - 
 110 URLs de fiches d'emplacements trouvées.
2025-10-22 14:27:11,942 - DEBUG - Nominatim.geocode: https://nominatim.openstreetmap.org/search?q=huelgoat%2C+France&format=json&limit=1
2025-10-22 14:27:12,256 - INFO -  URL de recherche construite : https://park4night.com/fr/search?lat=48.3640307&lng=-3.7468034&z=15
2025-10-22 14:27:12,257 - INFO -  Mode Headless activé (Sans interface graphique).
2025-10-22 14:27:12,258 - INFO - ====== WebDriver manager ======
2025-10-22 14:27:13,036 - INFO - Get LATEST chromedriver version for google-chrome
2025-10-22 14:27:13,226 - INFO - Get LATEST chromedriver version for google-chrome
2025-10-22 14:27:13,382 - INFO - Get LATEST chromedriver version for google-chrome
2025-10-22 14:27:13,736 - INFO - WebDriver version 141.0.7390.122 selected
2025-10-22 14:27:13,747 - INFO - Modern chrome version https://storage.googleapis.com/chrome-for-testing-public/141.0.7390.122/linux64/chromedriver-linux64.zip
2025-10-22 14:27:13,748 - INFO - About to download new driver from https://storage.googleapis.com/chrome-for-testing-public/141.0.7390.122/linux64/chromedriver-linux64.zip
2025-10-22 14:27:13,947 - INFO - Driver downloading response is 200
2025-10-22 14:27:18,953 - INFO - Get LATEST chromedriver version for google-chrome
2025-10-22 14:27:19,327 - INFO - Driver has been saved in cache [/home/n_bediee/.wdm/drivers/chromedriver/linux64/141.0.7390.122]
2025-10-22 14:27:25,720 - INFO - Cookies gérés.
2025-10-22 14:27:27,460 - INFO - 
 108 URLs de fiches d'emplacements trouvées.
2025-10-22 14:27:27,460 - INFO - 
--- Démarrage du Scraping des Fiches Détails ---
2025-10-22 14:27:27,461 - INFO - --- Scraping de l'URL : https://park4night.com/fr/place/363 ---
2025-10-22 14:27:28,528 - INFO - Extrait: (29690) Camping du Lac
2025-10-22 14:27:29,529 - INFO - --- Scraping de l'URL : https://park4night.com/fr/place/2534 ---
2025-10-22 14:27:30,401 - INFO - Extrait: (29690) Huelgoat - 39 Rue du Général de Gaulle
2025-10-22 14:27:31,402 - INFO - --- Scraping de l'URL : https://park4night.com/fr/place/370662 ---
2025-10-22 14:27:32,034 - INFO - Extrait: (29690) Huelgoat - 7 Rue du Lac
2025-10-22 14:27:33,035 - INFO - --- Scraping de l'URL : https://park4night.com/fr/place/120950 ---
2025-10-22 14:27:33,764 - INFO - Extrait: (29690) Huelgoat - D769A
2025-10-22 14:27:34,765 - INFO - --- Scraping de l'URL : https://park4night.com/fr/place/364578 ---
2025-10-22 14:27:35,434 - INFO - Extrait: (29690) Huelgoat - D769A
2025-10-22 14:27:36,435 - INFO - --- Scraping de l'URL : https://park4night.com/fr/place/24398 ---
2025-10-22 14:27:37,067 - INFO - Extrait: (29690) Huelgoat - D769A
2025-10-22 14:27:38,068 - INFO - --- Scraping de l'URL : https://park4night.com/fr/place/74059 ---
2025-10-22 14:27:38,676 - INFO - Extrait: (29690) Berrien - 12 Rue des Écoliers
2025-10-22 14:27:39,676 - INFO - --- Scraping de l'URL : https://park4night.com/fr/place/141142 ---
2025-10-22 14:27:40,437 - INFO - Extrait: (29690) Aire de camping-cars Berrien
2025-10-22 14:27:41,438 - INFO - --- Scraping de l'URL : https://park4night.com/fr/place/643398 ---
2025-10-22 14:27:42,043 - INFO - Extrait: (29690) Plouyé - Route de Huelgoat
2025-10-22 14:27:43,044 - INFO - --- Scraping de l'URL : https://park4night.com/fr/place/385390 ---
2025-10-22 14:27:43,842 - INFO - Extrait: (29690) Plouyé - 6 Route de Collorec
2025-10-22 14:27:44,845 - INFO - --- Scraping de l'URL : https://park4night.com/fr/place/11841 ---
2025-10-22 14:27:45,518 - INFO - Extrait: (29530) Plonévez-du-Faou - 14-16 Saint-Herbot
2025-10-22 14:27:46,518 - INFO - --- Scraping de l'URL : https://park4night.com/fr/place/239123 ---
2025-10-22 14:27:47,162 - INFO - Extrait: (29530) Collorec - 284 D17
2025-10-22 14:27:48,164 - INFO - --- Scraping de l'URL : https://park4night.com/fr/place/521261 ---
2025-10-22 14:27:49,066 - INFO - Extrait: (29246) Poullaouen - 5 Avenue de la Tour d'Auvergne
2025-10-22 14:27:50,067 - INFO - --- Scraping de l'URL : https://park4night.com/fr/place/517084 ---
2025-10-22 14:27:50,739 - INFO - Extrait: (29690) La Feuillée - 14 Hent Ménez Are
2025-10-22 14:27:51,740 - INFO - --- Scraping de l'URL : https://park4night.com/fr/place/242661 ---
2025-10-22 14:27:52,470 - INFO - Extrait: (29690) Brennilis - 80 Kerveguenet
2025-10-22 14:27:53,472 - INFO - --- Scraping de l'URL : https://park4night.com/fr/place/621362 ---
2025-10-22 14:27:54,107 - INFO - Extrait: (29530) Collorec - Pl. de l'Église
2025-10-22 14:27:55,108 - INFO - --- Scraping de l'URL : https://park4night.com/fr/place/11019 ---
2025-10-22 14:27:55,874 - INFO - Extrait: (29246) Poullaouen - 10 Rue de Ty Meur
2025-10-22 14:27:56,875 - INFO - --- Scraping de l'URL : https://park4night.com/fr/place/133977 ---
2025-10-22 14:27:57,512 - INFO - Extrait: (29690) La Feuillée - Place des Marronniers
2025-10-22 14:27:58,513 - INFO - --- Scraping de l'URL : https://park4night.com/fr/place/336087 ---
2025-10-22 14:27:59,107 - INFO - Extrait: (29530) Loqueffret - 12 Route d'Huelgoat
2025-10-22 14:28:00,107 - INFO - --- Scraping de l'URL : https://park4night.com/fr/place/2414 ---
2025-10-22 14:28:00,882 - INFO - Extrait: (29690) Brennilis - 1220 Zone d'Activité Parc d'Entreprises
2025-10-22 14:28:01,882 - INFO - --- Scraping de l'URL : https://park4night.com/fr/place/11640 ---
2025-10-22 14:28:02,788 - INFO - Extrait: (29690) Camping municipal de Brennilis
2025-10-22 14:28:03,788 - INFO - --- Scraping de l'URL : https://park4night.com/fr/place/536226 ---
2025-10-22 14:28:04,476 - INFO - Extrait: (29690) Brennilis - 9 Nestavel Bian
2025-10-22 14:28:05,477 - INFO - --- Scraping de l'URL : https://park4night.com/fr/place/240226 ---
2025-10-22 14:28:06,172 - INFO - Extrait: (29690) La Feuillée - D36
2025-10-22 14:28:07,173 - INFO - --- Scraping de l'URL : https://park4night.com/fr/place/363793 ---
2025-10-22 14:28:07,790 - INFO - Extrait: () Poullaouen -
2025-10-22 14:28:08,791 - INFO - --- Scraping de l'URL : https://park4night.com/fr/place/5744 ---
2025-10-22 14:28:09,583 - INFO - Extrait: (29690) Botmeur - Unnamed Road
2025-10-22 14:28:10,583 - INFO - --- Scraping de l'URL : https://park4night.com/fr/place/113247 ---
2025-10-22 14:28:11,463 - INFO - Extrait: (29410) Plounéour-Ménez - D111
2025-10-22 14:28:12,464 - INFO - --- Scraping de l'URL : https://park4night.com/fr/place/583522 ---
2025-10-22 14:28:13,367 - INFO - Extrait: (29640) Plougonven - 1116 Route du Cloitre Saint-Thégonnec
2025-10-22 14:28:14,368 - INFO - --- Scraping de l'URL : https://park4night.com/fr/place/136292 ---
2025-10-22 14:28:15,054 - INFO - Extrait: (29690) Camping Municipal
2025-10-22 14:28:16,054 - INFO - --- Scraping de l'URL : https://park4night.com/fr/place/632297 ---
2025-10-22 14:28:16,754 - INFO - Extrait: (29410) Le Cloître-Saint-Thégonnec - Unnamed Road
2025-10-22 14:28:17,755 - INFO - --- Scraping de l'URL : https://park4night.com/fr/place/58571 ---
2025-10-22 14:28:18,515 - INFO - Extrait: (29410) Plounéour-Ménez - 30 Place du 19 Mars 1962
2025-10-22 14:28:19,515 - INFO - --- Scraping de l'URL : https://park4night.com/fr/place/24091 ---
2025-10-22 14:28:20,323 - INFO - Extrait: (29270) Camping municipal de la Vallée de l'Hyère
2025-10-22 14:28:21,324 - INFO - --- Scraping de l'URL : https://park4night.com/fr/place/12374 ---
2025-10-22 14:28:22,075 - INFO - Extrait: (29246) Poullaouen - D154
2025-10-22 14:28:23,076 - INFO - --- Scraping de l'URL : https://park4night.com/fr/place/409647 ---
2025-10-22 14:28:23,785 - INFO - Extrait: (29530) Landeleau - 1 Rue des Trois Croix
2025-10-22 14:28:24,786 - INFO - --- Scraping de l'URL : https://park4night.com/fr/place/138948 ---
2025-10-22 14:28:25,498 - INFO - Extrait: (29410) Camping des Bruyères
2025-10-22 14:28:26,498 - INFO - --- Scraping de l'URL : https://park4night.com/fr/place/241519 ---
2025-10-22 14:28:27,125 - INFO - Extrait: (29270) Aire de camping-car Cléden-Poher
2025-10-22 14:28:28,125 - INFO - --- Scraping de l'URL : https://park4night.com/fr/place/241581 ---
2025-10-22 14:28:28,835 - INFO - Extrait: (29410) Plounéour-Ménez - D785
2025-10-22 14:28:29,836 - INFO - --- Scraping de l'URL : https://park4night.com/fr/place/2557 ---
2025-10-22 14:28:30,572 - INFO - Extrait: (29270) Plounévézel - 33 Place Per Jakez Helias
2025-10-22 14:28:31,573 - INFO - --- Scraping de l'URL : https://park4night.com/fr/place/456322 ---
2025-10-22 14:28:32,424 - INFO - Extrait: (22160) Carnoët - 1 Quenequillec
2025-10-22 14:28:33,424 - INFO - --- Scraping de l'URL : https://park4night.com/fr/place/319091 ---
2025-10-22 14:28:34,199 - INFO - Extrait: (29640) Aire de camping-cars Bolazec
2025-10-22 14:28:35,200 - INFO - --- Scraping de l'URL : https://park4night.com/fr/place/255360 ---
2025-10-22 14:28:35,914 - INFO - Extrait: (29640) Lannéanou - 3 Le Bourg
2025-10-22 14:28:36,915 - INFO - --- Scraping de l'URL : https://park4night.com/fr/place/625024 ---
2025-10-22 14:28:37,550 - INFO - Extrait: (29190) Brasparts - Ancienne Voie Ferrée de Plouescat à Rosporden
2025-10-22 14:28:38,550 - INFO - --- Scraping de l'URL : https://park4night.com/fr/place/421674 ---
2025-10-22 14:28:39,195 - INFO - Extrait: (29270) Carhaix-Plouguer - 14 Boulevard de la République
2025-10-22 14:28:40,196 - INFO - --- Scraping de l'URL : https://park4night.com/fr/place/21206 ---
2025-10-22 14:28:41,005 - INFO - Extrait: (29270) Carhaix-Plouguer - 4-6 Rue de Bazeilles
2025-10-22 14:28:42,006 - INFO - --- Scraping de l'URL : https://park4night.com/fr/place/326837 ---
2025-10-22 14:28:42,588 - INFO - Extrait: (29270) Carhaix-Plouguer - 8 Place d'Aiguillon
2025-10-22 14:28:43,588 - INFO - --- Scraping de l'URL : https://park4night.com/fr/place/441399 ---
2025-10-22 14:28:44,341 - INFO - Extrait: (29540) Spézet - 20 Pont Triffen
2025-10-22 14:28:45,341 - INFO - --- Scraping de l'URL : https://park4night.com/fr/place/347289 ---
2025-10-22 14:28:46,014 - INFO - Extrait: (29270) Carhaix-Plouguer - D787
2025-10-22 14:28:47,015 - INFO - --- Scraping de l'URL : https://park4night.com/fr/place/21291 ---
2025-10-22 14:28:47,848 - INFO - Extrait: (29270) Carhaix-Plouguer - 10 Rue Anatole le Braz
2025-10-22 14:28:48,848 - INFO - --- Scraping de l'URL : https://park4night.com/fr/place/511834 ---
2025-10-22 14:28:49,601 - INFO - Extrait: (29190) Brasparts - 42 Rue Saint-Michel
2025-10-22 14:28:50,601 - INFO - --- Scraping de l'URL : https://park4night.com/fr/place/506956 ---
2025-10-22 14:28:51,226 - INFO - Extrait: (29450) Commana - 5 Place de la Mairie
2025-10-22 14:28:52,226 - INFO - --- Scraping de l'URL : https://park4night.com/fr/place/54418 ---
2025-10-22 14:28:53,083 - INFO - Extrait: (22160) Plourac'h - 8 Rue de l'Argoat
2025-10-22 14:28:54,084 - INFO - --- Scraping de l'URL : https://park4night.com/fr/place/145883 ---
2025-10-22 14:28:54,809 - INFO - Extrait: (29190) Brasparts - 11 Rue de la Fontaine
2025-10-22 14:28:55,810 - INFO - --- Scraping de l'URL : https://park4night.com/fr/place/63076 ---
2025-10-22 14:28:56,655 - INFO - Extrait: (29190) Brasparts - 29 Rue Saint-Michel
2025-10-22 14:28:57,658 - INFO - --- Scraping de l'URL : https://park4night.com/fr/place/319524 ---
2025-10-22 14:28:58,378 - INFO - Extrait: (29270) Carhaix-Plouguer - 1 Impasse du Lavoir
2025-10-22 14:28:59,379 - INFO - --- Scraping de l'URL : https://park4night.com/fr/place/113246 ---
2025-10-22 14:29:00,024 - INFO - Extrait: (29450) Commana - Mougau Bihan
2025-10-22 14:29:01,024 - INFO - --- Scraping de l'URL : https://park4night.com/fr/place/431364 ---
2025-10-22 14:29:01,818 - INFO - Extrait: (29270) Plounévézel - 259 Kerguemareg
2025-10-22 14:29:02,819 - INFO - --- Scraping de l'URL : https://park4night.com/fr/place/217284 ---
2025-10-22 14:29:03,449 - INFO - Extrait: (22160) Carnoët - 3 Rue de la Poste
2025-10-22 14:29:04,450 - INFO - --- Scraping de l'URL : https://park4night.com/fr/place/327198 ---
2025-10-22 14:29:05,156 - INFO - Extrait: (29270) Carhaix-Plouguer - 4 Rue Jean Monnet
2025-10-22 14:29:06,157 - INFO - --- Scraping de l'URL : https://park4night.com/fr/place/18669 ---
2025-10-22 14:29:06,863 - INFO - Extrait: (29270) Saint-Hernin - D82
2025-10-22 14:29:07,863 - INFO - --- Scraping de l'URL : https://park4night.com/fr/place/42999 ---
2025-10-22 14:29:08,803 - INFO - Extrait: (29190) La Ferme de Tuchennou (Camping et gites à Brasparts)
2025-10-22 14:29:09,804 - INFO - --- Scraping de l'URL : https://park4night.com/fr/place/330688 ---
2025-10-22 14:29:10,589 - INFO - Extrait: (29270) Motreff - 303 Ty Névez
2025-10-22 14:29:11,590 - INFO - --- Scraping de l'URL : https://park4night.com/fr/place/615938 ---
2025-10-22 14:29:12,308 - INFO - Extrait: (29270) Carhaix-Plouguer -
2025-10-22 14:29:13,308 - INFO - --- Scraping de l'URL : https://park4night.com/fr/place/9276 ---
2025-10-22 14:29:14,022 - INFO - Extrait: (29640) Plougonven - Coatelan
2025-10-22 14:29:15,022 - INFO - --- Scraping de l'URL : https://park4night.com/fr/place/67083 ---
2025-10-22 14:29:15,689 - INFO - Extrait: (29190) Saint-Rivoal - D30
2025-10-22 14:29:16,689 - INFO - --- Scraping de l'URL : https://park4night.com/fr/place/509860 ---
2025-10-22 14:29:17,348 - INFO - Extrait: (22340) Treffrin - 11 Lotissement Le Verger
2025-10-22 14:29:18,350 - INFO - --- Scraping de l'URL : https://park4night.com/fr/place/552174 ---
2025-10-22 14:29:18,955 - INFO - Extrait: (22340) Treffrin - 19 Lotissement Le Verger
2025-10-22 14:29:19,956 - INFO - --- Scraping de l'URL : https://park4night.com/fr/place/184199 ---
2025-10-22 14:29:20,944 - INFO - Extrait: (29190) Aire de camping-car Saint-Rivoal
2025-10-22 14:29:21,945 - INFO - --- Scraping de l'URL : https://park4night.com/fr/place/5244 ---
2025-10-22 14:29:22,816 - INFO - Extrait: (29640) Plougonven - 3 Justiçou
2025-10-22 14:29:23,818 - INFO - --- Scraping de l'URL : https://park4night.com/fr/place/82771 ---
2025-10-22 14:29:24,771 - INFO - Extrait: (29450) Camping du lac du Drennec
2025-10-22 14:29:25,772 - INFO - --- Scraping de l'URL : https://park4night.com/fr/place/281851 ---
2025-10-22 14:29:26,705 - INFO - Extrait: (29540) Aire de services pour camping-cars Spezet
2025-10-22 14:29:27,706 - INFO - --- Scraping de l'URL : https://park4night.com/fr/place/31267 ---
2025-10-22 14:29:28,449 - INFO - Extrait: (29540) Spézet - 1-3 Rue du Stade
2025-10-22 14:29:29,450 - INFO - --- Scraping de l'URL : https://park4night.com/fr/place/108180 ---
2025-10-22 14:29:30,218 - INFO - Extrait: (29600) Plourin-lès-Morlaix - 23 Rue du Koad Pin
2025-10-22 14:29:31,218 - INFO - --- Scraping de l'URL : https://park4night.com/fr/place/89379 ---
2025-10-22 14:29:31,807 - INFO - Extrait: (29520) Châteauneuf-du-Faou - 40 Rue des Fontaines
2025-10-22 14:29:32,808 - INFO - --- Scraping de l'URL : https://park4night.com/fr/place/308999 ---
2025-10-22 14:29:33,504 - INFO - Extrait: (29410) Pleyber-Christ - La Justice
2025-10-22 14:29:34,505 - INFO - --- Scraping de l'URL : https://park4night.com/fr/place/546165 ---
2025-10-22 14:29:35,242 - INFO - Extrait: (29600) Aire municipale de Plourin-lès-Morlaix
2025-10-22 14:29:36,242 - INFO - --- Scraping de l'URL : https://park4night.com/fr/place/499544 ---
2025-10-22 14:29:37,018 - INFO - Extrait: (29410) Saint-Thégonnec Loc-Eguiner - 1991B Route de Plounéour Ménez
2025-10-22 14:29:38,018 - INFO - --- Scraping de l'URL : https://park4night.com/fr/place/21178 ---
2025-10-22 14:29:38,817 - INFO - Extrait: (29520) Châteauneuf-du-Faou - 15 Place du Marché
2025-10-22 14:29:39,818 - INFO - --- Scraping de l'URL : https://park4night.com/fr/place/224597 ---
2025-10-22 14:29:40,487 - INFO - Extrait: (29190) Lennon - 1 Ty Blaise
2025-10-22 14:29:41,488 - INFO - --- Scraping de l'URL : https://park4night.com/fr/place/269934 ---
2025-10-22 14:29:42,220 - INFO - Extrait: (29450) Sizun - 1 Hent Kermarker
2025-10-22 14:29:43,220 - INFO - --- Scraping de l'URL : https://park4night.com/fr/place/373024 ---
2025-10-22 14:29:43,921 - INFO - Extrait: (29520) Châteauneuf-du-Faou - 1 Venelle du Pont
2025-10-22 14:29:44,922 - INFO - --- Scraping de l'URL : https://park4night.com/fr/place/215603 ---
2025-10-22 14:29:45,589 - INFO - Extrait: (29400) Saint-Sauveur - 3 Rue de Saint-Thégonnec
2025-10-22 14:29:46,589 - INFO - --- Scraping de l'URL : https://park4night.com/fr/place/635879 ---
2025-10-22 14:29:47,231 - INFO - Extrait: (29650) Guerlesquin - Hent Park Ar Piz
2025-10-22 14:29:48,232 - INFO - --- Scraping de l'URL : https://park4night.com/fr/place/538087 ---
2025-10-22 14:29:49,203 - INFO - Extrait: (29400) Saint-Sauveur - 14 Rue de Lampaul Guimiliau
2025-10-22 14:29:50,203 - INFO - --- Scraping de l'URL : https://park4night.com/fr/place/93931 ---
2025-10-22 14:29:51,086 - INFO - Extrait: (29520) Camping du Gwaker
2025-10-22 14:29:52,087 - INFO - --- Scraping de l'URL : https://park4night.com/fr/place/92062 ---
2025-10-22 14:29:52,950 - INFO - Extrait: (29650) Guerlesquin - 7001B Hent São Héol
2025-10-22 14:29:53,951 - INFO - --- Scraping de l'URL : https://park4night.com/fr/place/604332 ---
2025-10-22 14:29:54,892 - INFO - Extrait: (29520) Saint-Goazec - 1 Stéraon
2025-10-22 14:29:55,896 - INFO - --- Scraping de l'URL : https://park4night.com/fr/place/595207 ---
2025-10-22 14:29:56,493 - INFO - Extrait: (29190) Pleyben - 6 Place Pierre Cloarec
2025-10-22 14:29:57,494 - INFO - --- Scraping de l'URL : https://park4night.com/fr/place/498184 ---
2025-10-22 14:29:58,287 - INFO - Extrait: (29650) Guerlesquin - 2 Troguic
2025-10-22 14:29:59,288 - INFO - --- Scraping de l'URL : https://park4night.com/fr/place/5242 ---
2025-10-22 14:29:59,990 - INFO - Extrait: (29650) Guerlesquin - Hent Tro Guic
2025-10-22 14:30:00,990 - INFO - --- Scraping de l'URL : https://park4night.com/fr/place/409508 ---
2025-10-22 14:30:01,689 - INFO - Extrait: (22160) Duault - 1 Runihan Tic
2025-10-22 14:30:02,690 - INFO - --- Scraping de l'URL : https://park4night.com/fr/place/6050 ---
2025-10-22 14:30:03,322 - INFO - Extrait: (29190) Pleyben - 8-14 Place Charles de Gaulle
2025-10-22 14:30:04,322 - INFO - --- Scraping de l'URL : https://park4night.com/fr/place/10921 ---
2025-10-22 14:30:05,025 - INFO - Extrait: (29460) Hanvec - Résidence Kerkali
2025-10-22 14:30:06,026 - INFO - --- Scraping de l'URL : https://park4night.com/fr/place/381951 ---
2025-10-22 14:30:06,783 - INFO - Extrait: (29270) Saint-Hernin - Unnamed Road
2025-10-22 14:30:07,783 - INFO - --- Scraping de l'URL : https://park4night.com/fr/place/8125 ---
2025-10-22 14:30:08,597 - INFO - Extrait: (29400) Guimiliau - 16-20 Rue des Bruyères
2025-10-22 14:30:09,598 - INFO - --- Scraping de l'URL : https://park4night.com/fr/place/2340 ---
2025-10-22 14:30:10,680 - INFO - Extrait: (29410) Saint-Thégonnec Loc-Eguiner - 7 Lotissement Ker an Déro
2025-10-22 14:30:11,681 - INFO - --- Scraping de l'URL : https://park4night.com/fr/place/28071 ---
2025-10-22 14:30:12,539 - INFO - Extrait: (29640) Plougonven - D9
2025-10-22 14:30:13,540 - INFO - --- Scraping de l'URL : https://park4night.com/fr/place/500314 ---
2025-10-22 14:30:14,296 - INFO - Extrait: (29410) Saint-Thégonnec Loc-Eguiner - 315 Zone Artisanale de Mez Ménez
2025-10-22 14:30:15,296 - INFO - --- Scraping de l'URL : https://park4night.com/fr/place/499834 ---
2025-10-22 14:30:15,990 - INFO - Extrait: (29450) Sizun - 12 Lohennec
2025-10-22 14:30:16,991 - INFO - --- Scraping de l'URL : https://park4night.com/fr/place/58151 ---
2025-10-22 14:30:17,795 - INFO - Extrait: (29610) Plouigneau - 3 Rue des Sports
2025-10-22 14:30:18,797 - INFO - --- Scraping de l'URL : https://park4night.com/fr/place/519860 ---
2025-10-22 14:30:19,413 - INFO - Extrait: (29400) Lampaul-Guimiliau - 2 La Salle
2025-10-22 14:30:20,413 - INFO - --- Scraping de l'URL : https://park4night.com/fr/place/9469 ---
2025-10-22 14:30:21,312 - INFO - Extrait: (22160) Camping** de la Verte Vallée
2025-10-22 14:30:22,313 - INFO - --- Scraping de l'URL : https://park4night.com/fr/place/37077 ---
2025-10-22 14:30:23,141 - INFO - Extrait: (22340) Paule - 1 Lan Salaun
2025-10-22 14:30:24,142 - INFO - --- Scraping de l'URL : https://park4night.com/fr/place/46048 ---
2025-10-22 14:30:28,949 - INFO - Extrait: (29600) Plourin-lès-Morlaix - 42 Les 3 Chênes
2025-10-22 14:30:29,949 - INFO - --- Scraping de l'URL : https://park4night.com/fr/place/29626 ---
2025-10-22 14:30:30,702 - INFO - Extrait: (29610) Plouigneau - 20 Rue André le Harzic
2025-10-22 14:30:31,703 - INFO - --- Scraping de l'URL : https://park4night.com/fr/place/79103 ---
2025-10-22 14:30:32,584 - INFO - Extrait: (22160) Callac - 13 Rue de la Verte Vallée
2025-10-22 14:30:33,585 - INFO - --- Scraping de l'URL : https://park4night.com/fr/place/633594 ---
2025-10-22 14:30:34,339 - INFO - Extrait: (29610) Plouigneau - Rue André le Harzic
2025-10-22 14:30:35,339 - INFO - --- Scraping de l'URL : https://park4night.com/fr/place/61892 ---
2025-10-22 14:30:36,149 - INFO - Extrait: (29590) Lopérec - 20 Rue de l'École
2025-10-22 14:30:37,150 - INFO - --- Scraping de l'URL : https://park4night.com/fr/place/206184 ---
2025-10-22 14:30:37,778 - INFO - Extrait: (29600) Morlaix - 58 Route de Callac
2025-10-22 14:30:38,778 - INFO - --- Scraping de l'URL : https://park4night.com/fr/place/582675 ---
2025-10-22 14:30:39,617 - INFO - Extrait: (29610) Plouigneau - 3 Place du Lavoir
2025-10-22 14:30:40,643 - INFO - 
 SUCCÈS : 108 emplacements sauvegardés dans '/home/n_bediee/iadev/randovango/data/in/p4n/p4n_results_huelgoat.csv' avec Pandas.
2025-10-22 14:30:41,137 - DEBUG - Nominatim.geocode: https://nominatim.openstreetmap.org/search?q=huelgoat%2C+France&format=json&limit=1
2025-10-22 14:30:41,532 - INFO -  URL de recherche construite : https://park4night.com/fr/search?lat=48.3640307&lng=-3.7468034&z=15
2025-10-22 14:30:41,533 - INFO -  Mode Headless activé (Sans interface graphique).
2025-10-22 14:30:41,534 - INFO - ====== WebDriver manager ======
2025-10-22 14:30:41,814 - INFO - Get LATEST chromedriver version for google-chrome
2025-10-22 14:30:41,928 - INFO - Get LATEST chromedriver version for google-chrome
2025-10-22 14:30:42,035 - INFO - Driver [/home/n_bediee/.wdm/drivers/chromedriver/linux64/141.0.7390.122/chromedriver-linux64/chromedriver] found in cache
2025-10-22 14:31:26,664 - INFO - 
 108 URLs de fiches d'emplacements trouvées.
2025-10-22 14:31:26,665 - INFO - 
--- Démarrage du Scraping des Fiches Détails ---
2025-10-22 14:31:26,665 - INFO - --- Scraping de l'URL : https://park4night.com/fr/place/363 ---
2025-10-22 14:31:28,352 - INFO - Extrait: (29690) Camping du Lac
2025-10-22 14:31:29,352 - INFO - --- Scraping de l'URL : https://park4night.com/fr/place/2534 ---
2025-10-22 14:31:31,241 - INFO - Extrait: (29690) Huelgoat - 39 Rue du Général de Gaulle
2025-10-22 14:31:32,243 - INFO - --- Scraping de l'URL : https://park4night.com/fr/place/370662 ---
2025-10-22 14:31:32,981 - INFO - Extrait: (29690) Huelgoat - 7 Rue du Lac
2025-10-22 14:31:33,982 - INFO - --- Scraping de l'URL : https://park4night.com/fr/place/120950 ---
2025-10-22 14:31:34,649 - INFO - Extrait: (29690) Huelgoat - D769A
2025-10-22 14:31:35,650 - INFO - --- Scraping de l'URL : https://park4night.com/fr/place/364578 ---
2025-10-22 14:31:36,170 - INFO - Extrait: (29690) Huelgoat - D769A
2025-10-22 14:31:37,170 - INFO - --- Scraping de l'URL : https://park4night.com/fr/place/24398 ---
2025-10-22 14:31:37,861 - INFO - Extrait: (29690) Huelgoat - D769A
2025-10-22 14:31:38,862 - INFO - --- Scraping de l'URL : https://park4night.com/fr/place/74059 ---
2025-10-22 14:31:39,686 - INFO - Extrait: (29690) Berrien - 12 Rue des Écoliers
2025-10-22 14:31:40,686 - INFO - --- Scraping de l'URL : https://park4night.com/fr/place/141142 ---
2025-10-22 14:31:41,281 - WARNING - Retrying (Retry(total=2, connect=None, read=None, redirect=None, status=None)) after connection broken by 'ConnectionResetError(104, 'Connection reset by peer')': /session/220100d88b3e812c182e7a0bef8d9383
2025-10-22 14:31:41,283 - WARNING - Retrying (Retry(total=1, connect=None, read=None, redirect=None, status=None)) after connection broken by 'NewConnectionError('<urllib3.connection.HTTPConnection object at 0x7723a4f59d00>: Failed to establish a new connection: [Errno 111] Connection refused')': /session/220100d88b3e812c182e7a0bef8d9383
2025-10-22 14:31:41,292 - WARNING - Retrying (Retry(total=0, connect=None, read=None, redirect=None, status=None)) after connection broken by 'NewConnectionError('<urllib3.connection.HTTPConnection object at 0x7723a4f5a2d0>: Failed to establish a new connection: [Errno 111] Connection refused')': /session/220100d88b3e812c182e7a0bef8d9383
2025-10-22 14:35:51,452 - DEBUG - Nominatim.geocode: https://nominatim.openstreetmap.org/search?q=ploudiry%2C+France&format=json&limit=1
2025-10-22 14:35:51,723 - INFO -  URL de recherche construite : https://park4night.com/fr/search?lat=48.4532343&lng=-4.1418753&z=15
2025-10-22 14:35:51,725 - INFO - Mode Visuel activé (Avec interface graphique, pour débogage).
2025-10-22 14:35:51,725 - INFO - ====== WebDriver manager ======
2025-10-22 14:35:51,973 - INFO - Get LATEST chromedriver version for google-chrome
2025-10-22 14:35:52,113 - INFO - Get LATEST chromedriver version for google-chrome
2025-10-22 14:35:52,284 - INFO - Driver [/home/n_bediee/.wdm/drivers/chromedriver/linux64/141.0.7390.122/chromedriver-linux64/chromedriver] found in cache
2025-10-22 14:36:36,256 - INFO - 
 123 URLs de fiches d'emplacements trouvées.
2025-10-22 14:36:36,256 - INFO - 
--- Démarrage du Scraping des Fiches Détails ---
2025-10-22 14:36:36,256 - INFO - --- Scraping de l'URL : https://park4night.com/fr/place/504047 ---
2025-10-22 14:36:37,659 - INFO - Extrait: (29800) La Martyre - 5 Route de Ploudiry
2025-10-22 14:36:38,660 - INFO - --- Scraping de l'URL : https://park4night.com/fr/place/495499 ---
2025-10-22 14:36:39,488 - INFO - Extrait: (29800) Tréflévénez - 1 Rue Coat Ar Bourg Ru Koad ar Bourg
2025-10-22 14:36:40,489 - INFO - --- Scraping de l'URL : https://park4night.com/fr/place/647002 ---
2025-10-22 14:36:41,207 - INFO - Extrait: (29800) La Roche-Maurice - Rue du Morbic
2025-10-22 14:36:42,208 - INFO - --- Scraping de l'URL : https://park4night.com/fr/place/33306 ---
2025-10-22 14:36:42,902 - INFO - Extrait: (29800) La Roche-Maurice - Allée des Tilleuls
2025-10-22 14:36:43,903 - INFO - --- Scraping de l'URL : https://park4night.com/fr/place/294982 ---
2025-10-22 14:36:44,590 - INFO - Extrait: (29800) La Roche-Maurice - 5 Rue de la Gare
2025-10-22 14:36:45,591 - INFO - --- Scraping de l'URL : https://park4night.com/fr/place/45536 ---
2025-10-22 14:36:46,258 - INFO - Extrait: (29400) Saint-Servais - 106 Brignennec
2025-10-22 14:36:47,260 - INFO - --- Scraping de l'URL : https://park4night.com/fr/place/199724 ---
2025-10-22 14:36:48,109 - INFO - Extrait: (29450) Sizun -
2025-10-22 14:36:49,110 - INFO - --- Scraping de l'URL : https://park4night.com/fr/place/59781 ---
2025-10-22 14:36:49,893 - INFO - Extrait: (29450) Le Tréhou - 5 Route de Sizun
2025-10-22 14:36:50,894 - INFO - --- Scraping de l'URL : https://park4night.com/fr/place/7563 ---
2025-10-22 14:36:51,790 - INFO - Extrait: (29400) Saint-Servais - Cité Yan d'Argent
2025-10-22 14:36:52,790 - INFO - --- Scraping de l'URL : https://park4night.com/fr/place/629646 ---
2025-10-22 14:36:53,579 - INFO - Extrait: (29450) Sizun - Rue de L'Élorn
2025-10-22 14:36:54,580 - INFO - --- Scraping de l'URL : https://park4night.com/fr/place/2652 ---
2025-10-22 14:36:55,469 - INFO - Extrait: (29450) Sizun - 36 D18A
2025-10-22 14:36:56,469 - INFO - --- Scraping de l'URL : https://park4night.com/fr/place/37245 ---
2025-10-22 14:36:57,432 - INFO - Extrait: (29450) Camping Municipal
2025-10-22 14:36:58,433 - INFO - --- Scraping de l'URL : https://park4night.com/fr/place/6697 ---
2025-10-22 14:36:59,274 - INFO - Extrait: (29800) Pencran - Le Bourg
2025-10-22 14:37:00,275 - INFO - --- Scraping de l'URL : https://park4night.com/fr/place/147163 ---
2025-10-22 14:37:01,055 - INFO - Extrait: (29450) Sizun - 800 Gollen
2025-10-22 14:37:02,056 - INFO - --- Scraping de l'URL : https://park4night.com/fr/place/52462 ---
2025-10-22 14:37:02,935 - INFO - Extrait: (29800) Landerneau - 8 Allée du Champs de Foire
2025-10-22 14:37:03,936 - INFO - --- Scraping de l'URL : https://park4night.com/fr/place/200828 ---
2025-10-22 14:37:04,662 - INFO - Extrait: (29800) Landerneau -
2025-10-22 14:37:05,662 - INFO - --- Scraping de l'URL : https://park4night.com/fr/place/6956 ---
2025-10-22 14:37:06,532 - INFO - Extrait: (29400) Landivisiau - 33-35 Rue du Manoir
2025-10-22 14:37:07,533 - INFO - --- Scraping de l'URL : https://park4night.com/fr/place/519860 ---
2025-10-22 14:37:08,217 - INFO - Extrait: (29400) Lampaul-Guimiliau - 2 La Salle
2025-10-22 14:37:09,218 - INFO - --- Scraping de l'URL : https://park4night.com/fr/place/312453 ---
2025-10-22 14:37:09,846 - INFO - Extrait: (29800) Landerneau - 32 Quai de Léon
2025-10-22 14:37:10,847 - INFO - --- Scraping de l'URL : https://park4night.com/fr/place/70091 ---
2025-10-22 14:37:11,545 - INFO - Extrait: (29400) Landivisiau - 10 Rue Auguste Renoir
2025-10-22 14:37:12,545 - INFO - --- Scraping de l'URL : https://park4night.com/fr/place/599490 ---
2025-10-22 14:37:13,146 - INFO - Extrait: (29800) Landerneau - 2 Rue Alain Daniel
2025-10-22 14:37:14,147 - INFO - --- Scraping de l'URL : https://park4night.com/fr/place/266140 ---
2025-10-22 14:37:14,984 - INFO - Extrait: (29400) Landivisiau - 4 Chemin de Kerzuguel
2025-10-22 14:37:15,985 - INFO - --- Scraping de l'URL : https://park4night.com/fr/place/5542 ---
2025-10-22 14:37:16,856 - INFO - Extrait: (29800) Aire de camping-cars Landerneau
2025-10-22 14:37:17,857 - INFO - --- Scraping de l'URL : https://park4night.com/fr/place/542473 ---
2025-10-22 14:37:18,504 - INFO - Extrait: (29800) Landerneau - 400 Rue de la Petite Palud
2025-10-22 14:37:19,505 - INFO - --- Scraping de l'URL : https://park4night.com/fr/place/6683 ---
2025-10-22 14:37:20,398 - INFO - Extrait: (29400) Lampaul-Guimiliau - Route de Morlaix
2025-10-22 14:37:21,399 - INFO - --- Scraping de l'URL : https://park4night.com/fr/place/263822 ---
2025-10-22 14:37:22,002 - INFO - Extrait: (29400) Landivisiau - Rue de mestual
2025-10-22 14:37:23,003 - INFO - --- Scraping de l'URL : https://park4night.com/fr/place/450561 ---
2025-10-22 14:37:23,730 - INFO - Extrait: (29800) Landerneau - 34 Rue Hervé de Guébriant
2025-10-22 14:37:24,730 - INFO - --- Scraping de l'URL : https://park4night.com/fr/place/100947 ---
2025-10-22 14:37:25,393 - INFO - Extrait: (29400) Bodilis - 4 Place d'Holbeton
2025-10-22 14:37:26,394 - INFO - --- Scraping de l'URL : https://park4night.com/fr/place/74843 ---
2025-10-22 14:37:27,161 - INFO - Extrait: (29800) Landerneau - 33 Rue Hervé de Guébriant
2025-10-22 14:37:28,162 - INFO - --- Scraping de l'URL : https://park4night.com/fr/place/538087 ---
2025-10-22 14:37:28,926 - INFO - Extrait: (29400) Saint-Sauveur - 14 Rue de Lampaul Guimiliau
2025-10-22 14:37:29,927 - INFO - --- Scraping de l'URL : https://park4night.com/fr/place/215603 ---
2025-10-22 14:37:30,629 - INFO - Extrait: (29400) Saint-Sauveur - 3 Rue de Saint-Thégonnec
2025-10-22 14:37:31,629 - INFO - --- Scraping de l'URL : https://park4night.com/fr/place/641079 ---
2025-10-22 14:37:32,616 - INFO - Extrait: (29460) Saint-Eloy - Route de Cornouaille
2025-10-22 14:37:33,618 - INFO - --- Scraping de l'URL : https://park4night.com/fr/place/113245 ---
2025-10-22 14:37:34,425 - INFO - Extrait: (29460) Irvillac - 8 Route du Trehou
2025-10-22 14:37:35,426 - INFO - --- Scraping de l'URL : https://park4night.com/fr/place/499834 ---
2025-10-22 14:37:36,153 - INFO - Extrait: (29450) Sizun - 12 Lohennec
2025-10-22 14:37:37,154 - INFO - --- Scraping de l'URL : https://park4night.com/fr/place/8125 ---
2025-10-22 14:37:37,815 - INFO - Extrait: (29400) Guimiliau - 16-20 Rue des Bruyères
2025-10-22 14:37:38,815 - INFO - --- Scraping de l'URL : https://park4night.com/fr/place/7562 ---
2025-10-22 14:37:41,039 - INFO - Extrait: (29440) Saint-Derrien - Lotissement du Plan d'Eau
2025-10-22 14:37:42,040 - INFO - --- Scraping de l'URL : https://park4night.com/fr/place/242073 ---
2025-10-22 14:37:43,138 - INFO - Extrait: (29800) Ploudaniel - 10 Vieille Route de Saint-Thonan
2025-10-22 14:37:44,139 - INFO - --- Scraping de l'URL : https://park4night.com/fr/place/355254 ---
2025-10-22 14:37:46,154 - INFO - Extrait: (29410) Guiclan - 7 Kerizamel
2025-10-22 14:37:47,154 - INFO - --- Scraping de l'URL : https://park4night.com/fr/place/82771 ---
2025-10-22 14:37:48,055 - INFO - Extrait: (29450) Camping du lac du Drennec
2025-10-22 14:37:49,055 - INFO - --- Scraping de l'URL : https://park4night.com/fr/place/269934 ---
2025-10-22 14:37:49,699 - INFO - Extrait: (29450) Sizun - 1 Hent Kermarker
2025-10-22 14:37:50,699 - INFO - --- Scraping de l'URL : https://park4night.com/fr/place/499544 ---
2025-10-22 14:37:51,630 - INFO - Extrait: (29410) Saint-Thégonnec Loc-Eguiner - 1991B Route de Plounéour Ménez
2025-10-22 14:37:52,632 - INFO - --- Scraping de l'URL : https://park4night.com/fr/place/199218 ---
2025-10-22 14:37:54,060 - INFO - Extrait: (29460) Daoulas - 12 Rue Edouard Danguy des Déserts
2025-10-22 14:37:55,061 - INFO - --- Scraping de l'URL : https://park4night.com/fr/place/646866 ---
2025-10-22 14:37:55,769 - INFO - Extrait: (29460) Daoulas - 21 Rue Edouard Danguy des Déserts
2025-10-22 14:37:56,770 - INFO - --- Scraping de l'URL : https://park4night.com/fr/place/456144 ---
2025-10-22 14:37:57,769 - INFO - Extrait: (29460) Daoulas - 2 Route de Loperhet
2025-10-22 14:37:58,770 - INFO - --- Scraping de l'URL : https://park4night.com/fr/place/499822 ---
2025-10-22 14:37:59,875 - INFO - Extrait: (29460) Daoulas - 1 Quai du Valy
2025-10-22 14:38:00,876 - INFO - --- Scraping de l'URL : https://park4night.com/fr/place/541880 ---
2025-10-22 14:38:01,675 - INFO - Extrait: (29460) Daoulas - 17 Route de Loperhet
2025-10-22 14:38:02,676 - INFO - --- Scraping de l'URL : https://park4night.com/fr/place/40810 ---
2025-10-22 14:38:03,830 - INFO - Extrait: (29460) Daoulas - 2 Quai du Valy
2025-10-22 14:38:04,831 - INFO - --- Scraping de l'URL : https://park4night.com/fr/place/147623 ---
2025-10-22 14:38:05,961 - INFO - Extrait: (29460) Daoulas - 22 Route de Loperhet
2025-10-22 14:38:06,962 - INFO - --- Scraping de l'URL : https://park4night.com/fr/place/22420 ---
2025-10-22 14:38:07,990 - INFO - Extrait: (29800) Saint-Thonan - 104A Croas an Heizic
2025-10-22 14:38:08,991 - INFO - --- Scraping de l'URL : https://park4night.com/fr/place/10921 ---
2025-10-22 14:38:09,715 - INFO - Extrait: (29460) Hanvec - Résidence Kerkali
2025-10-22 14:38:10,716 - INFO - --- Scraping de l'URL : https://park4night.com/fr/place/113246 ---
2025-10-22 14:38:11,441 - INFO - Extrait: (29450) Commana - Mougau Bihan
2025-10-22 14:38:12,441 - INFO - --- Scraping de l'URL : https://park4night.com/fr/place/559078 ---
2025-10-22 14:38:13,224 - INFO - Extrait: (29460) Daoulas - 1 Route de Logonna
2025-10-22 14:38:14,226 - INFO - --- Scraping de l'URL : https://park4night.com/fr/place/506956 ---
2025-10-22 14:38:14,818 - INFO - Extrait: (29450) Commana - 5 Place de la Mairie
2025-10-22 14:38:15,819 - INFO - --- Scraping de l'URL : https://park4night.com/fr/place/464810 ---
2025-10-22 14:38:16,539 - INFO - Extrait: (29800) Saint-Divy - 4 Rue du Kef
2025-10-22 14:38:17,539 - INFO - --- Scraping de l'URL : https://park4night.com/fr/place/637111 ---
2025-10-22 14:38:18,265 - INFO - Extrait: (29800) Saint-Thonan - Rue de Kersaos
2025-10-22 14:38:19,267 - INFO - --- Scraping de l'URL : https://park4night.com/fr/place/553402 ---
2025-10-22 14:38:20,200 - INFO - Extrait: (29430) Lanhouarneau - 184 Coat Huon
2025-10-22 14:38:21,200 - INFO - --- Scraping de l'URL : https://park4night.com/fr/place/28309 ---
2025-10-22 14:38:21,982 - INFO - Extrait: (29460) Hanvec - D42
2025-10-22 14:38:22,983 - INFO - --- Scraping de l'URL : https://park4night.com/fr/place/66677 ---
2025-10-22 14:38:23,740 - INFO - Extrait: (29430) Lanhouarneau - 65 Rue du Stade
2025-10-22 14:38:24,741 - INFO - --- Scraping de l'URL : https://park4night.com/fr/place/184199 ---
2025-10-22 14:38:25,569 - INFO - Extrait: (29190) Aire de camping-car Saint-Rivoal
2025-10-22 14:38:26,569 - INFO - --- Scraping de l'URL : https://park4night.com/fr/place/497269 ---
2025-10-22 14:38:27,200 - INFO - Extrait: (29260) Saint-Meen - 3 Rue des Écoles
2025-10-22 14:38:28,200 - INFO - --- Scraping de l'URL : https://park4night.com/fr/place/67083 ---
2025-10-22 14:38:28,959 - INFO - Extrait: (29190) Saint-Rivoal - D30
2025-10-22 14:38:29,959 - INFO - --- Scraping de l'URL : https://park4night.com/fr/place/195140 ---
2025-10-22 14:38:30,608 - INFO - Extrait: (29260) Saint-Meen - 8 Rue de la Mairie
2025-10-22 14:38:31,608 - INFO - --- Scraping de l'URL : https://park4night.com/fr/place/601886 ---
2025-10-22 14:38:32,507 - INFO - Extrait: (29460) Hôpital-Camfrout - 347 Route des Carrières
2025-10-22 14:38:33,508 - INFO - --- Scraping de l'URL : https://park4night.com/fr/place/451816 ---
2025-10-22 14:38:34,331 - INFO - Extrait: (29440) Saint-Vougay - 1 Cité de la Fontaine
2025-10-22 14:38:35,332 - INFO - --- Scraping de l'URL : https://park4night.com/fr/place/279516 ---
2025-10-22 14:38:36,085 - INFO - Extrait: (29260) Trégarantec - 24 Kerilis Vian
2025-10-22 14:38:37,085 - INFO - --- Scraping de l'URL : https://park4night.com/fr/place/582560 ---
2025-10-22 14:38:37,797 - INFO - Extrait: (29460) Logonna-Daoulas - 61 Mengleuz
2025-10-22 14:38:38,798 - INFO - --- Scraping de l'URL : https://park4night.com/fr/place/21787 ---
2025-10-22 14:38:39,608 - INFO - Extrait: (29490) Guipavas - 71 Rue de Pen an Traon
2025-10-22 14:38:40,609 - INFO - --- Scraping de l'URL : https://park4night.com/fr/place/34260 ---
2025-10-22 14:38:41,422 - INFO - Extrait: (29490) Cactuseraie de Creisméas
2025-10-22 14:38:42,423 - INFO - --- Scraping de l'URL : https://park4night.com/fr/place/311 ---
2025-10-22 14:38:43,489 - INFO - Extrait: (29420) Plouvorn - Rue du Plan d'Eau
2025-10-22 14:38:44,490 - INFO - --- Scraping de l'URL : https://park4night.com/fr/place/2340 ---
2025-10-22 14:38:45,489 - INFO - Extrait: (29410) Saint-Thégonnec Loc-Eguiner - 7 Lotissement Ker an Déro
2025-10-22 14:38:46,489 - INFO - --- Scraping de l'URL : https://park4night.com/fr/place/271125 ---
2025-10-22 14:38:47,259 - INFO - Extrait: (29410) Guiclan - 21 Rue du Lavoir
2025-10-22 14:38:48,260 - INFO - --- Scraping de l'URL : https://park4night.com/fr/place/620225 ---
2025-10-22 14:38:49,462 - INFO - Extrait: (29590) Le Faou -
2025-10-22 14:38:50,463 - INFO - --- Scraping de l'URL : https://park4night.com/fr/place/500314 ---
2025-10-22 14:38:51,077 - INFO - Extrait: (29410) Saint-Thégonnec Loc-Eguiner - 315 Zone Artisanale de Mez Ménez
2025-10-22 14:38:52,080 - INFO - --- Scraping de l'URL : https://park4night.com/fr/place/146488 ---
2025-10-22 14:38:52,933 - INFO - Extrait: (29470) Plougastel-Daoulas - 105 Rue Daniel Gilard
2025-10-22 14:38:53,934 - INFO - --- Scraping de l'URL : https://park4night.com/fr/place/350953 ---
2025-10-22 14:38:54,617 - INFO - Extrait: (29590) Le Faou - 7 Route de Lanvoy
2025-10-22 14:38:55,617 - INFO - --- Scraping de l'URL : https://park4night.com/fr/place/288880 ---
2025-10-22 14:38:56,526 - INFO - Extrait: (29440) Plouzévédé - 2 Rue de Saint-Pol de Léon
2025-10-22 14:38:57,526 - INFO - --- Scraping de l'URL : https://park4night.com/fr/place/108463 ---
2025-10-22 14:38:58,312 - INFO - Extrait: (29460) Logonna-Daoulas -
2025-10-22 14:38:59,312 - INFO - --- Scraping de l'URL : https://park4night.com/fr/place/6955 ---
2025-10-22 14:39:00,725 - INFO - Extrait: (29590) Le Faou - 2 Rue de la Grève
2025-10-22 14:39:01,726 - INFO - --- Scraping de l'URL : https://park4night.com/fr/place/305332 ---
2025-10-22 14:39:02,568 - INFO - Extrait: (29490) Guipavas - 3 Lotissement de la Pyrotechnie Saint-Nicolas
2025-10-22 14:39:03,568 - INFO - --- Scraping de l'URL : https://park4night.com/fr/place/136292 ---
2025-10-22 14:39:04,314 - INFO - Extrait: (29690) Camping Municipal
2025-10-22 14:39:05,315 - INFO - --- Scraping de l'URL : https://park4night.com/fr/place/165 ---
2025-10-22 14:39:06,194 - INFO - Extrait: (29460) Hanvec - 2 Place de la Chapelle
2025-10-22 14:39:07,195 - INFO - --- Scraping de l'URL : https://park4night.com/fr/place/58571 ---
2025-10-22 14:39:07,801 - INFO - Extrait: (29410) Plounéour-Ménez - 30 Place du 19 Mars 1962
2025-10-22 14:39:08,802 - INFO - --- Scraping de l'URL : https://park4night.com/fr/place/11866 ---
2025-10-22 14:39:10,020 - INFO - Extrait: (29460) Logonna-Daoulas - 185 Le Château
2025-10-22 14:39:11,021 - INFO - --- Scraping de l'URL : https://park4night.com/fr/place/19075 ---
2025-10-22 14:39:11,777 - INFO - Extrait: (29480) Le Relecq-Kerhuon - 44 Rue Jean Jaurès
2025-10-22 14:39:12,777 - INFO - --- Scraping de l'URL : https://park4night.com/fr/place/555427 ---
2025-10-22 14:39:13,480 - INFO - Extrait: (29470) Plougastel-Daoulas - 47 Rue de l'Europe
2025-10-22 14:39:14,481 - INFO - --- Scraping de l'URL : https://park4night.com/fr/place/344338 ---
2025-10-22 14:39:15,270 - INFO - Extrait: (29420) Titulipe
2025-10-22 14:39:16,271 - INFO - --- Scraping de l'URL : https://park4night.com/fr/place/353217 ---
2025-10-22 14:39:17,168 - INFO - Extrait: (29470) Aire de camping-car Plougastel-Daoulas
2025-10-22 14:39:18,169 - INFO - --- Scraping de l'URL : https://park4night.com/fr/place/641086 ---
2025-10-22 14:39:18,856 - INFO - Extrait: (29260) Lesneven - Avenue Fernand Le Corre
2025-10-22 14:39:19,857 - INFO - --- Scraping de l'URL : https://park4night.com/fr/place/416338 ---
2025-10-22 14:39:20,628 - INFO - Extrait: (29470) Plougastel-Daoulas - 345 Route du Rocher de l'Impératrice
2025-10-22 14:39:21,629 - INFO - --- Scraping de l'URL : https://park4night.com/fr/place/6685 ---
2025-10-22 14:39:22,381 - INFO - Extrait: (29260) Aire Municipale Le Folgoët
2025-10-22 14:39:23,382 - INFO - --- Scraping de l'URL : https://park4night.com/fr/place/541975 ---
2025-10-22 14:39:24,107 - INFO - Extrait: (29470) Plougastel-Daoulas - 101 Chemin du Bord de Mer
2025-10-22 14:39:25,108 - INFO - --- Scraping de l'URL : https://park4night.com/fr/place/247688 ---
2025-10-22 14:39:25,720 - INFO - Extrait: (29590) Rosnoën - 302 Kersimon
2025-10-22 14:39:26,720 - INFO - --- Scraping de l'URL : https://park4night.com/fr/place/6692 ---
2025-10-22 14:39:27,507 - INFO - Extrait: (29260) Lesneven - Boulevard des Frères Lumière
2025-10-22 14:39:28,507 - INFO - --- Scraping de l'URL : https://park4night.com/fr/place/479329 ---
2025-10-22 14:39:29,268 - INFO - Extrait: (29260) Plouider - 10 Pont du Châtel
2025-10-22 14:39:30,269 - INFO - --- Scraping de l'URL : https://park4night.com/fr/place/549990 ---
2025-10-22 14:39:31,141 - INFO - Extrait: (29430) Plounévez-Lochrist - 2 Place de la Mairie
2025-10-22 14:39:32,141 - INFO - --- Scraping de l'URL : https://park4night.com/fr/place/520158 ---
2025-10-22 14:39:32,960 - INFO - Extrait: (29260) Lesneven - 22 Rue Notre Dame
2025-10-22 14:39:33,960 - INFO - --- Scraping de l'URL : https://park4night.com/fr/place/5516 ---
2025-10-22 14:39:34,830 - INFO - Extrait: (29460) Logonna-Daoulas - Route de l'Anse du Bourg
2025-10-22 14:39:35,830 - INFO - --- Scraping de l'URL : https://park4night.com/fr/place/3594 ---
2025-10-22 14:39:36,662 - INFO - Extrait: (29470) Plougastel-Daoulas - 18 Lotissement de Porz Gwenn
2025-10-22 14:39:37,663 - INFO - --- Scraping de l'URL : https://park4night.com/fr/place/85725 ---
2025-10-22 14:39:38,407 - INFO - Extrait: (29470) Plougastel-Daoulas - 427 Chemin du Bord de Mer
2025-10-22 14:39:39,408 - INFO - --- Scraping de l'URL : https://park4night.com/fr/place/427107 ---
2025-10-22 14:39:40,174 - INFO - Extrait: (29460) Logonna-Daoulas - 30 Route de l'Anse du Roz
2025-10-22 14:39:41,174 - INFO - --- Scraping de l'URL : https://park4night.com/fr/place/86874 ---
2025-10-22 14:39:41,955 - INFO - Extrait: (29460) Camping Le Roz
2025-10-22 14:39:42,956 - INFO - --- Scraping de l'URL : https://park4night.com/fr/place/241581 ---
2025-10-22 14:39:43,642 - INFO - Extrait: (29410) Plounéour-Ménez - D785
2025-10-22 14:39:44,643 - INFO - --- Scraping de l'URL : https://park4night.com/fr/place/329992 ---
2025-10-22 14:39:45,400 - INFO - Extrait: (29460) Logonna-Daoulas - 12 Route du Yelen
2025-10-22 14:39:46,400 - INFO - --- Scraping de l'URL : https://park4night.com/fr/place/294399 ---
2025-10-22 14:39:47,114 - INFO - Extrait: (29470) Plougastel-Daoulas -
2025-10-22 14:39:48,114 - INFO - --- Scraping de l'URL : https://park4night.com/fr/place/494462 ---
2025-10-22 14:39:49,336 - INFO - Extrait: (29590) Domaine du Seillou
2025-10-22 14:39:50,336 - INFO - --- Scraping de l'URL : https://park4night.com/fr/place/21219 ---
2025-10-22 14:39:51,240 - INFO - Extrait: (29560) Landévennec - 117 Port Maria
2025-10-22 14:39:52,241 - INFO - --- Scraping de l'URL : https://park4night.com/fr/place/39673 ---
2025-10-22 14:39:53,132 - INFO - Extrait: (29560) Camping du Pal
2025-10-22 14:39:54,132 - INFO - --- Scraping de l'URL : https://park4night.com/fr/place/120424 ---
2025-10-22 14:39:55,004 - INFO - Extrait: (29560) Landévennec - 3 Rue Saint-Guénolé
2025-10-22 14:39:56,005 - INFO - --- Scraping de l'URL : https://park4night.com/fr/place/5744 ---
2025-10-22 14:39:56,619 - INFO - Extrait: (29690) Botmeur - Unnamed Road
2025-10-22 14:39:57,619 - INFO - --- Scraping de l'URL : https://park4night.com/fr/place/87096 ---
2025-10-22 14:39:58,569 - INFO - Extrait: (29590) Rosnoën - 7 Le Seillou
2025-10-22 14:39:59,570 - INFO - --- Scraping de l'URL : https://park4night.com/fr/place/179781 ---
2025-10-22 14:40:00,389 - INFO - Extrait: (29490) Guipavas - 85 Rue Anne de Bretagne
2025-10-22 14:40:01,389 - INFO - --- Scraping de l'URL : https://park4night.com/fr/place/80841 ---
2025-10-22 14:40:02,306 - INFO - Extrait: (29480) Le Relecq-Kerhuon - 16 Route de Pen an Toul
2025-10-22 14:40:03,307 - INFO - --- Scraping de l'URL : https://park4night.com/fr/place/16969 ---
2025-10-22 14:40:04,106 - INFO - Extrait: (29560) Landévennec - 165 Le Pal
2025-10-22 14:40:05,107 - INFO - --- Scraping de l'URL : https://park4night.com/fr/place/609939 ---
2025-10-22 14:40:05,825 - INFO - Extrait: (29560) Landévennec - 260 Gorreker
2025-10-22 14:40:06,826 - INFO - --- Scraping de l'URL : https://park4night.com/fr/place/56274 ---
2025-10-22 14:40:07,709 - INFO - Extrait: (29470) Plougastel-Daoulas - N2165
2025-10-22 14:40:08,710 - INFO - --- Scraping de l'URL : https://park4night.com/fr/place/409616 ---
2025-10-22 14:40:09,407 - INFO - Extrait: (29480) Le Relecq-Kerhuon - 84 Boulevard Léopold Maissin
2025-10-22 14:40:10,408 - INFO - --- Scraping de l'URL : https://park4night.com/fr/place/61892 ---
2025-10-22 14:40:11,251 - INFO - Extrait: (29590) Lopérec - 20 Rue de l'École
2025-10-22 14:40:12,251 - INFO - --- Scraping de l'URL : https://park4night.com/fr/place/546390 ---
2025-10-22 14:40:12,884 - INFO - Extrait: (29590) Lopérec - 40 Rue du Pont Neuf
2025-10-22 14:40:13,885 - INFO - --- Scraping de l'URL : https://park4night.com/fr/place/240226 ---
2025-10-22 14:40:14,629 - INFO - Extrait: (29690) La Feuillée - D36
2025-10-22 14:40:15,629 - INFO - --- Scraping de l'URL : https://park4night.com/fr/place/6207 ---
2025-10-22 14:40:16,297 - INFO - Extrait: (29460) Logonna-Daoulas - 3 Le Bendy
2025-10-22 14:40:17,298 - INFO - --- Scraping de l'URL : https://park4night.com/fr/place/460274 ---
2025-10-22 14:40:18,113 - INFO - Extrait: (29470) Plougastel-Daoulas - 10 Quai an Aod
2025-10-22 14:40:19,114 - INFO - --- Scraping de l'URL : https://park4night.com/fr/place/5540 ---
2025-10-22 14:40:19,845 - INFO - Extrait: (29470) Plougastel-Daoulas - 3 Route de Lestraouen
2025-10-22 14:40:20,846 - INFO - --- Scraping de l'URL : https://park4night.com/fr/place/511834 ---
2025-10-22 14:40:21,482 - INFO - Extrait: (29190) Brasparts - 42 Rue Saint-Michel
2025-10-22 14:40:22,489 - INFO - 
 SUCCÈS : 123 emplacements sauvegardés dans '/home/n_bediee/iadev/randovango/data/in/p4n/p4n_results_ploudiry.csv' avec Pandas.
